Vivado Simulator 2015.4
Copyright 1986-1999, 2001-2015 Xilinx, Inc. All Rights Reserved.
Running: C:/Xilinx/Vivado/2015.4/bin/unwrapped/win64.o/xelab.exe -wto c319e07bfa13440ebfd29b029d48c75e --debug typical --relax --mt 2 -L axi_lite_ipif_v3_0_3 -L lib_pkg_v1_0_2 -L lib_srl_fifo_v1_0_2 -L lib_cdc_v1_0_2 -L axi_uartlite_v2_0_10 -L xil_defaultlib -L interrupt_control_v3_1_3 -L axi_gpio_v2_0_9 -L microblaze_v9_5_3 -L lmb_v10_v3_0_7 -L lmb_bram_if_cntlr_v4_0_7 -L blk_mem_gen_v8_3_1 -L mdm_v3_2_4 -L proc_sys_reset_v5_0_8 -L generic_baseblocks_v2_1_0 -L axi_infrastructure_v1_1_0 -L axi_register_slice_v2_1_7 -L fifo_generator_v13_0_1 -L axi_data_fifo_v2_1_6 -L axi_crossbar_v2_1_8 -L unisims_ver -L unimacro_ver -L secureip --snapshot tb_behav xil_defaultlib.tb xil_defaultlib.glbl -log elaborate.log 
Using 2 slave threads.
Starting static elaboration
Completed static elaboration
Starting simulation data flow analysis
Completed simulation data flow analysis
Time Resolution for simulation is 1ps
Compiling package std.standard
Compiling package ieee.std_logic_1164
Compiling package ieee.numeric_std
Compiling package ieee.std_logic_arith
Compiling package ieee.std_logic_unsigned
Compiling package synopsys.attributes
Compiling package ieee.std_logic_misc
Compiling package std.textio
Compiling package axi_lite_ipif_v3_0_3.ipif_pkg
Compiling package unisim.vcomponents
Compiling package ieee.vital_timing
Compiling package ieee.vital_primitives
Compiling package unisim.vpkg
Compiling package lib_pkg_v1_0_2.lib_pkg
Compiling package microblaze_v9_5_3.microblaze_types
Compiling package microblaze_v9_5_3.microblaze_isa
Compiling package microblaze_v9_5_3.mmu_types
Compiling package lmb_bram_if_cntlr_v4_0_7.lmb_bram_if_funcs
Compiling package ieee.std_logic_textio
Compiling module xil_defaultlib.HSV_to_RGB
Compiling module xil_defaultlib.led_driver(number_of_leds=15,tim...
Compiling module xil_defaultlib.DigiLED_v1_0_S00_AXI(NUMBER_OF_L...
Compiling module xil_defaultlib.DigiLED_v1_0(NUMBER_OF_LEDS=15,C...
Compiling module xil_defaultlib.design_1_DigiLED_0_0
Compiling architecture imp of entity axi_lite_ipif_v3_0_3.pselect_f [\pselect_f(2,2,"00","nofamily")(...]
Compiling architecture imp of entity axi_lite_ipif_v3_0_3.pselect_f [\pselect_f(2,2,"01","nofamily")(...]
Compiling architecture imp of entity axi_lite_ipif_v3_0_3.pselect_f [\pselect_f(2,2,"10","nofamily")(...]
Compiling architecture imp of entity axi_lite_ipif_v3_0_3.pselect_f [\pselect_f(2,2,"11","nofamily")(...]
Compiling architecture imp of entity axi_lite_ipif_v3_0_3.address_decoder [\address_decoder(9,"000000000000...]
Compiling architecture imp of entity axi_lite_ipif_v3_0_3.slave_attachment [\slave_attachment(("000000000000...]
Compiling architecture imp of entity axi_lite_ipif_v3_0_3.axi_lite_ipif [\axi_lite_ipif(32,9,"00000000000...]
Compiling architecture fdre_v of entity unisim.FDRE [\FDRE('0','0','0','0')\]
Compiling architecture fdr_v of entity unisim.FDR [\FDR('0')\]
Compiling architecture implementation of entity lib_cdc_v1_0_2.cdc_sync [\cdc_sync(1,0,0,0,32,4)\]
Compiling architecture imp of entity axi_gpio_v2_0_9.GPIO_Core [\GPIO_Core(32,9,32,32,32,0,"0000...]
Compiling architecture imp of entity axi_gpio_v2_0_9.axi_gpio [\axi_gpio("artix7",9,32,32,32,1,...]
Compiling architecture design_1_axi_gpio_0_3_arch of entity xil_defaultlib.design_1_axi_gpio_0_3 [design_1_axi_gpio_0_3_default]
Compiling architecture design_1_axi_gpio_1_2_arch of entity xil_defaultlib.design_1_axi_gpio_1_2 [design_1_axi_gpio_1_2_default]
Compiling architecture rtl of entity axi_uartlite_v2_0_10.baudrate [\baudrate(54)\]
Compiling architecture implementation of entity lib_cdc_v1_0_2.cdc_sync [\cdc_sync(1,0,1,0,32,4)\]
Compiling architecture behavioral of entity axi_uartlite_v2_0_10.dynshreg_i_f [\dynshreg_i_f(16,1,"0","artix7")...]
Compiling architecture imp of entity lib_srl_fifo_v1_0_2.cntr_incr_decr_addn_f [\cntr_incr_decr_addn_f(5,"artix7...]
Compiling architecture behavioral of entity lib_srl_fifo_v1_0_2.dynshreg_f [\dynshreg_f(16,8,"artix7")(1,6)\]
Compiling architecture imp of entity lib_srl_fifo_v1_0_2.srl_fifo_rbu_f [\srl_fifo_rbu_f(8,16,"artix7")(1...]
Compiling architecture imp of entity lib_srl_fifo_v1_0_2.srl_fifo_f [\srl_fifo_f(8,16,"artix7")(1,6)\]
Compiling architecture rtl of entity axi_uartlite_v2_0_10.uartlite_rx [\uartlite_rx("artix7",8,0,0)(1,6...]
Compiling architecture behavioral of entity axi_uartlite_v2_0_10.dynshreg_i_f [\dynshreg_i_f(16,1,"100000000000...]
Compiling architecture rtl of entity axi_uartlite_v2_0_10.uartlite_tx [\uartlite_tx("artix7",8,0,0)(1,6...]
Compiling architecture rtl of entity axi_uartlite_v2_0_10.uartlite_core [\uartlite_core("artix7",10000000...]
Compiling architecture imp of entity axi_lite_ipif_v3_0_3.address_decoder [\address_decoder(4,"000000000000...]
Compiling architecture imp of entity axi_lite_ipif_v3_0_3.slave_attachment [\slave_attachment(("000000000000...]
Compiling architecture imp of entity axi_lite_ipif_v3_0_3.axi_lite_ipif [\axi_lite_ipif(32,4,"00000000000...]
Compiling architecture rtl of entity axi_uartlite_v2_0_10.axi_uartlite [\axi_uartlite("artix7",100000000...]
Compiling architecture design_1_axi_uartlite_0_0_arch of entity xil_defaultlib.design_1_axi_uartlite_0_0 [design_1_axi_uartlite_0_0_defaul...]
Compiling module unisims_ver.IBUF
Compiling module unisims_ver.MMCME2_ADV(CLKFBOUT_MULT_F=10.0,...
Compiling module unisims_ver.BUFG
Compiling module xil_defaultlib.design_1_clk_wiz_1_0_clk_wiz
Compiling module xil_defaultlib.design_1_clk_wiz_1_0
Compiling architecture bscane2_v of entity unisim.BSCANE2 [\BSCANE2("FALSE",2)(1,5)\]
Compiling architecture bufg_v of entity unisim.BUFG [bufg_default]
Compiling architecture lut4_v of entity unisim.LUT4 [\LUT4("0000000000000010")(0,15)\]
Compiling architecture srl16e_v of entity unisim.SRL16E [\SRL16E("0000000101100111",'0')(...]
Compiling architecture srl16e_v of entity unisim.SRL16E [\SRL16E("0100001010000111",'0')(...]
Compiling architecture srl16e_v of entity unisim.SRL16E [\SRL16E("0100010001000011",'0')(...]
Compiling architecture srl16e_v of entity unisim.SRL16E [\SRL16E("0101100001001101",'0')(...]
Compiling architecture fdce_v of entity unisim.FDCE [\FDCE('0','0','0','0')\]
Compiling architecture fdc_1_v of entity unisim.FDC_1 [\FDC_1('0')\]
Compiling architecture fdre_1_v of entity unisim.FDRE_1 [\FDRE_1('0')\]
Compiling architecture imp of entity mdm_v3_2_4.JTAG_CONTROL [\JTAG_CONTROL(1,0,0,0,32,32,0,0,...]
Compiling architecture imp of entity mdm_v3_2_4.MDM_Core [\MDM_Core(2,0,0,"111111111111111...]
Compiling architecture imp of entity mdm_v3_2_4.MDM [\MDM("artix7",2,0,0,2,"111111111...]
Compiling architecture design_1_mdm_1_0_arch of entity xil_defaultlib.design_1_mdm_1_0 [design_1_mdm_1_0_default]
Compiling architecture imp of entity microblaze_v9_5_3.DAXI_interface [\DAXI_interface(1,32,32,false,fa...]
Compiling architecture and2b1l_v of entity unisim.AND2B1L [\AND2B1L('0')\]
Compiling architecture imp of entity microblaze_v9_5_3.MB_AND2B1L [\MB_AND2B1L(artix7,'0')\]
Compiling architecture srl16e_v of entity unisim.SRL16E [\SRL16E("1111111111111111",'0')(...]
Compiling architecture imp of entity microblaze_v9_5_3.MB_SRL16E [\MB_SRL16E("yes",true,"111111111...]
Compiling architecture srl16e_v of entity unisim.SRL16E [\SRL16E("0011111111111111",'0')(...]
Compiling architecture imp of entity microblaze_v9_5_3.MB_SRL16E [\MB_SRL16E("yes",true,"001111111...]
Compiling architecture srlc16e_v of entity unisim.SRLC16E [\SRLC16E("0000000000000000",'0')...]
Compiling architecture imp of entity microblaze_v9_5_3.MB_SRLC16E [\MB_SRLC16E("yes","0000000000000...]
Compiling architecture imp of entity microblaze_v9_5_3.address_hit [\address_hit(artix7,true,false,"...]
Compiling architecture srl16e_v of entity unisim.SRL16E [\SRL16E("0000000000011011",'0')(...]
Compiling architecture imp of entity microblaze_v9_5_3.MB_SRL16E [\MB_SRL16E("yes",true,"000000000...]
Compiling architecture srl16e_v of entity unisim.SRL16E [\SRL16E("0000000000000000",'0')(...]
Compiling architecture imp of entity microblaze_v9_5_3.MB_SRL16E [\MB_SRL16E("yes",true,"000000000...]
Compiling architecture srl16e_v of entity unisim.SRL16E [\SRL16E("0000000001100100",'0')(...]
Compiling architecture imp of entity microblaze_v9_5_3.MB_SRL16E [\MB_SRL16E("yes",true,"000000000...]
Compiling architecture srl16e_v of entity unisim.SRL16E [\SRL16E("0010001000000000",'0')(...]
Compiling architecture imp of entity microblaze_v9_5_3.MB_SRL16E [\MB_SRL16E("yes",true,"001000100...]
Compiling architecture imp of entity microblaze_v9_5_3.mb_sync_bit [\mb_sync_bit(1,'0',false,true)\]
Compiling architecture imp of entity microblaze_v9_5_3.mb_sync_vec [\mb_sync_vec(1,'0',false,true,16...]
Compiling architecture imp of entity microblaze_v9_5_3.mb_sync_vec [\mb_sync_vec(2,'0',true,true,9)\]
Compiling architecture imp of entity microblaze_v9_5_3.mb_sync_bit [\mb_sync_bit(1,'0',true,true)\]
Compiling architecture imp of entity microblaze_v9_5_3.Debug [\Debug("000000000000000000000000...]
Compiling architecture imp of entity microblaze_v9_5_3.interrupt_mode_converter [\interrupt_mode_converter(false,...]
Compiling architecture lut6_v of entity unisim.LUT6 [\LUT6("1001000000001001000000000...]
Compiling architecture imp of entity microblaze_v9_5_3.MB_LUT6 [\MB_LUT6(artix7,"100100000000100...]
Compiling architecture lut6_v of entity unisim.LUT6 [\LUT6("1001000000001001000000000...]
Compiling architecture imp of entity microblaze_v9_5_3.MB_LUT6 [\MB_LUT6(artix7,"100100000000100...]
Compiling architecture imp of entity microblaze_v9_5_3.MB_FDRE [\MB_FDRE(artix7,'0')\]
Compiling architecture muxcy_v of entity unisim.MUXCY [muxcy_default]
Compiling architecture muxcy_l_v of entity unisim.MUXCY_L [muxcy_l_default]
Compiling architecture xorcy_v of entity unisim.XORCY [xorcy_default]
Compiling architecture imp of entity microblaze_v9_5_3.MB_MUXCY_XORCY [\MB_MUXCY_XORCY(artix7)\]
Compiling architecture muxf7_v of entity unisim.MUXF7 [muxf7_default]
Compiling architecture imp of entity microblaze_v9_5_3.MB_MUXF7 [\MB_MUXF7(artix7)\]
Compiling architecture imp of entity microblaze_v9_5_3.MB_FDR [\MB_FDR(artix7,'0')\]
Compiling architecture imp of entity microblaze_v9_5_3.PC_Module_gti [\PC_Module_gti(artix7,true,0,fal...]
Compiling architecture lut6_v of entity unisim.LUT6 [\LUT6("0000000000000000000000000...]
Compiling architecture imp of entity microblaze_v9_5_3.MB_LUT6 [\MB_LUT6(artix7,"000000000000000...]
Compiling architecture lut6_v of entity unisim.LUT6 [\LUT6("0000000000000000111111111...]
Compiling architecture imp of entity microblaze_v9_5_3.MB_LUT6 [\MB_LUT6(artix7,"000000000000000...]
Compiling architecture lut6_v of entity unisim.LUT6 [\LUT6("1111111100000000111111111...]
Compiling architecture imp of entity microblaze_v9_5_3.MB_LUT6 [\MB_LUT6(artix7,"111111110000000...]
Compiling architecture fdse_v of entity unisim.FDSE [\FDSE('1','0','0','0')\]
Compiling architecture fds_v of entity unisim.FDS [\FDS('1')\]
Compiling architecture imp of entity microblaze_v9_5_3.MB_FDS [\MB_FDS(artix7,'1')\]
Compiling architecture lut6_v of entity unisim.LUT6 [\LUT6("0000000011111111000000000...]
Compiling architecture imp of entity microblaze_v9_5_3.MB_LUT6 [\MB_LUT6(artix7,"000000001111111...]
Compiling architecture imp of entity microblaze_v9_5_3.PreFetch_Buffer_gti [\PreFetch_Buffer_gti(true,artix7...]
Compiling architecture imp of entity microblaze_v9_5_3.MB_MUXCY [\MB_MUXCY(artix7)\]
Compiling architecture imp of entity microblaze_v9_5_3.carry_and [\carry_and(artix7)\]
Compiling architecture imp of entity microblaze_v9_5_3.jump_logic [\jump_logic(artix7)\]
Compiling architecture imp of entity microblaze_v9_5_3.carry_or [\carry_or(artix7)\]
Compiling architecture imp of entity microblaze_v9_5_3.Decode_gti [\Decode_gti(artix7,true,"0000000...]
Compiling architecture lut6_2_v of entity unisim.LUT6_2 [\LUT6_2("00000000111111110000000...]
Compiling architecture imp of entity microblaze_v9_5_3.MB_LUT6_2 [\MB_LUT6_2(artix7,"0000000011111...]
Compiling architecture ram32m_v of entity unisim.RAM32M [\RAM32M("00000000000000000000000...]
Compiling architecture imp of entity microblaze_v9_5_3.MB_RAM32M [\MB_RAM32M(artix7,"yes","0000000...]
Compiling architecture imp of entity microblaze_v9_5_3.Register_File_gti [\Register_File_gti(artix7,"yes")...]
Compiling architecture imp of entity microblaze_v9_5_3.Operand_Select_gti [\Operand_Select_gti(true,artix7,...]
Compiling architecture lut6_2_v of entity unisim.LUT6_2 [\LUT6_2("01100000011110101010011...]
Compiling architecture imp of entity microblaze_v9_5_3.MB_LUT6_2 [\MB_LUT6_2(artix7,"0110000001111...]
Compiling architecture imp of entity microblaze_v9_5_3.ALU_Bit [\ALU_Bit(artix7,true,false)\]
Compiling architecture lut6_v of entity unisim.LUT6 [\LUT6("0110000001111010101001100...]
Compiling architecture imp of entity microblaze_v9_5_3.MB_LUT6 [\MB_LUT6(artix7,"011000000111101...]
Compiling architecture lut4_v of entity unisim.LUT4 [\LUT4("1111101000001010")(0,15)\]
Compiling architecture imp of entity microblaze_v9_5_3.MB_LUT4 [\MB_LUT4(artix7,"111110100000101...]
Compiling architecture lut2_v of entity unisim.LUT2 [\LUT2("1000")(0,3)\]
Compiling architecture mult_and_v of entity unisim.MULT_AND [mult_and_default]
Compiling architecture imp of entity microblaze_v9_5_3.MB_MULT_AND [\MB_MULT_AND(artix7,'0')\]
Compiling architecture imp of entity microblaze_v9_5_3.ALU_Bit [\ALU_Bit(artix7,true,true)\]
Compiling architecture imp of entity microblaze_v9_5_3.ALU [\ALU(0,true,artix7)\]
Compiling architecture imp of entity microblaze_v9_5_3.MB_LUT6 [\MB_LUT6(rtl,"110010101010101011...]
Compiling architecture imp of entity microblaze_v9_5_3.MB_LUT6 [\MB_LUT6(rtl,"110010101010111111...]
Compiling architecture imp of entity microblaze_v9_5_3.MB_LUT6 [\MB_LUT6(rtl,"110010101111111111...]
Compiling architecture imp of entity microblaze_v9_5_3.Shift_Logic_Module_gti [\Shift_Logic_Module_gti(false,tr...]
Compiling architecture imp of entity microblaze_v9_5_3.mul_unit [\mul_unit(artix7,false,false)\]
Compiling architecture imp of entity microblaze_v9_5_3.Barrel_Shifter_gti [\Barrel_Shifter_gti(artix7,true,...]
Compiling architecture imp of entity microblaze_v9_5_3.WB_Mux_Bit [\WB_Mux_Bit(artix7,6,2)\]
Compiling architecture imp of entity microblaze_v9_5_3.WB_Mux [\WB_Mux(artix7,false,false,false...]
Compiling architecture imp of entity microblaze_v9_5_3.Zero_Detect_gti [\Zero_Detect_gti(artix7)\]
Compiling architecture imp of entity microblaze_v9_5_3.Byte_Doublet_Handle_gti [\Byte_Doublet_Handle_gti(artix7,...]
Compiling architecture imp of entity microblaze_v9_5_3.Data_Flow_Logic [\Data_Flow_Logic(artix7,0,16)\]
Compiling architecture msr_reg of entity microblaze_v9_5_3.msr_reg_gti [\msr_reg_gti(artix7,"00000000000...]
Compiling architecture lut6_2_v of entity unisim.LUT6_2 [\LUT6_2("11111111000000001111000...]
Compiling architecture imp of entity microblaze_v9_5_3.MB_LUT6_2 [\MB_LUT6_2(artix7,"1111111100000...]
Compiling architecture imp of entity microblaze_v9_5_3.mux_bus [\mux_bus(artix7,true,32)\]
Compiling architecture lut6_2_v of entity unisim.LUT6_2 [\LUT6_2("10010110100101101001011...]
Compiling architecture imp of entity microblaze_v9_5_3.MB_LUT6_2 [\MB_LUT6_2(artix7,"1001011010010...]
Compiling architecture fde_v of entity unisim.FDE [\FDE('0')\]
Compiling architecture imp of entity microblaze_v9_5_3.MB_FDE [\MB_FDE(artix7,'0')\]
Compiling architecture imp of entity microblaze_v9_5_3.exception_registers_gti [\exception_registers_gti(artix7,...]
Compiling architecture imp of entity microblaze_v9_5_3.Fpu [\Fpu(artix7,0,0,"yes")(1,3)\]
Compiling architecture imp of entity microblaze_v9_5_3.PVR [\PVR(0,"00100010","00000000",0,1...]
Compiling architecture imp of entity microblaze_v9_5_3.Data_Flow_gti [\Data_Flow_gti(32,artix7,true,0,...]
Compiling architecture imp of entity microblaze_v9_5_3.read_data_mux [\read_data_mux(true,true,false)\]
Compiling architecture imp of entity microblaze_v9_5_3.instr_mux [\instr_mux(artix7,true,false,fal...]
Compiling architecture imp of entity microblaze_v9_5_3.MMU [\MMU(artix7,true,0,0,4,2,false,f...]
Compiling architecture imp of entity microblaze_v9_5_3.MicroBlaze_GTi [\MicroBlaze_GTi(2,1,2,1,0,0,0,1,...]
Compiling architecture imp of entity microblaze_v9_5_3.mb_sync_bit [\mb_sync_bit(2,'0',true,true)\]
Compiling architecture imp of entity microblaze_v9_5_3.MicroBlaze_Core [\MicroBlaze_Core(0,100000000,0,2...]
Compiling architecture imp of entity microblaze_v9_5_3.MicroBlaze [\MicroBlaze(0,100000000,0,2,1,2,...]
Compiling architecture design_1_microblaze_0_0_arch of entity xil_defaultlib.design_1_microblaze_0_0 [design_1_microblaze_0_0_default]
Compiling module xil_defaultlib.m00_couplers_imp_8RVYHO
Compiling module xil_defaultlib.m01_couplers_imp_1UTB3Y5
Compiling module xil_defaultlib.m02_couplers_imp_7ANRHB
Compiling module xil_defaultlib.m03_couplers_imp_1W07O72
Compiling module xil_defaultlib.s00_couplers_imp_1RZP34U
Compiling module axi_crossbar_v2_1_8.axi_crossbar_v2_1_8_addr_arbiter...
Compiling module generic_baseblocks_v2_1_0.generic_baseblocks_v2_1_0_carry_...
Compiling module generic_baseblocks_v2_1_0.generic_baseblocks_v2_1_0_compar...
Compiling module generic_baseblocks_v2_1_0.generic_baseblocks_v2_1_0_compar...
Compiling module generic_baseblocks_v2_1_0.generic_baseblocks_v2_1_0_compar...
Compiling module generic_baseblocks_v2_1_0.generic_baseblocks_v2_1_0_compar...
Compiling module axi_crossbar_v2_1_8.axi_crossbar_v2_1_8_addr_decoder...
Compiling module axi_crossbar_v2_1_8.axi_crossbar_v2_1_8_splitter(C_N...
Compiling module axi_crossbar_v2_1_8.axi_crossbar_v2_1_8_splitter
Compiling module generic_baseblocks_v2_1_0.generic_baseblocks_v2_1_0_mux_en...
Compiling module generic_baseblocks_v2_1_0.generic_baseblocks_v2_1_0_mux_en...
Compiling module generic_baseblocks_v2_1_0.generic_baseblocks_v2_1_0_mux_en...
Compiling module axi_register_slice_v2_1_7.axi_register_slice_v2_1_7_axic_r...
Compiling module generic_baseblocks_v2_1_0.generic_baseblocks_v2_1_0_mux_en...
Compiling module axi_crossbar_v2_1_8.axi_crossbar_v2_1_8_decerr_slave...
Compiling module axi_crossbar_v2_1_8.axi_crossbar_v2_1_8_crossbar_sas...
Compiling module axi_crossbar_v2_1_8.axi_crossbar_v2_1_8_axi_crossbar...
Compiling module xil_defaultlib.design_1_xbar_1
Compiling module xil_defaultlib.design_1_microblaze_0_axi_periph...
Compiling architecture imp of entity lmb_bram_if_cntlr_v4_0_7.pselect_mask [\pselect_mask(32,"00000000000000...]
Compiling architecture imp of entity lmb_bram_if_cntlr_v4_0_7.lmb_mux [\lmb_mux("0000000000000000000000...]
Compiling architecture imp of entity lmb_bram_if_cntlr_v4_0_7.lmb_bram_if_cntlr [\lmb_bram_if_cntlr("artix7","000...]
Compiling architecture design_1_dlmb_bram_if_cntlr_0_arch of entity xil_defaultlib.design_1_dlmb_bram_if_cntlr_0 [design_1_dlmb_bram_if_cntlr_0_de...]
Compiling architecture imp of entity lmb_v10_v3_0_7.lmb_v10 [\lmb_v10(1,32,32,1)\]
Compiling architecture design_1_dlmb_v10_0_arch of entity xil_defaultlib.design_1_dlmb_v10_0 [design_1_dlmb_v10_0_default]
Compiling architecture imp of entity lmb_bram_if_cntlr_v4_0_7.pselect_mask [\pselect_mask(32,"00000000000000...]
Compiling architecture imp of entity lmb_bram_if_cntlr_v4_0_7.lmb_mux [\lmb_mux("0000000000000000000000...]
Compiling architecture imp of entity lmb_bram_if_cntlr_v4_0_7.lmb_bram_if_cntlr [\lmb_bram_if_cntlr("artix7","000...]
Compiling architecture design_1_ilmb_bram_if_cntlr_0_arch of entity xil_defaultlib.design_1_ilmb_bram_if_cntlr_0 [design_1_ilmb_bram_if_cntlr_0_de...]
Compiling architecture design_1_ilmb_v10_0_arch of entity xil_defaultlib.design_1_ilmb_v10_0 [design_1_ilmb_v10_0_default]
Compiling architecture output_stage_behavioral of entity blk_mem_gen_v8_3_1.blk_mem_gen_v8_3_1_output_stage [\blk_mem_gen_v8_3_1_output_stage...]
Compiling architecture softecc_output_reg_stage_behavioral of entity blk_mem_gen_v8_3_1.blk_mem_gen_v8_3_1_softecc_output_reg_stage [\blk_mem_gen_v8_3_1_softecc_outp...]
Compiling architecture mem_module_behavioral of entity blk_mem_gen_v8_3_1.blk_mem_gen_v8_3_1_mem_module [\blk_mem_gen_v8_3_1_mem_module("...]
Compiling architecture behavioral of entity blk_mem_gen_v8_3_1.blk_mem_gen_v8_3_1 [\blk_mem_gen_v8_3_1("blk_mem_gen...]
Compiling architecture design_1_lmb_bram_0_arch of entity xil_defaultlib.design_1_lmb_bram_0 [design_1_lmb_bram_0_default]
Compiling module xil_defaultlib.microblaze_0_local_memory_imp_1K...
Compiling architecture implementation of entity lib_cdc_v1_0_2.cdc_sync [\cdc_sync(1,0,1,0,2,4)\]
Compiling architecture srl16e_v of entity unisim.SRL16E [\SRL16E("1111111111111111",'0')(...]
Compiling architecture srl16_v of entity unisim.SRL16 [\SRL16("1111111111111111")(0,15)...]
Compiling architecture imp of entity proc_sys_reset_v5_0_8.lpf [\lpf(4,4,'0','0')\]
Compiling architecture imp of entity proc_sys_reset_v5_0_8.upcnt_n [\upcnt_n(6)\]
Compiling architecture imp of entity proc_sys_reset_v5_0_8.sequence_psr [sequence_psr_default]
Compiling architecture imp of entity proc_sys_reset_v5_0_8.proc_sys_reset [\proc_sys_reset("artix7",4,4,'0'...]
Compiling architecture design_1_rst_clk_wiz_1_100m_0_arch of entity xil_defaultlib.design_1_rst_clk_wiz_1_100M_0 [design_1_rst_clk_wiz_1_100m_0_de...]
Compiling module xil_defaultlib.design_1
Compiling module xil_defaultlib.design_1_wrapper
Compiling module xil_defaultlib.tb
Compiling module xil_defaultlib.glbl
Waiting for 1 sub-compilation(s) to finish...
Built simulation snapshot tb_behav
