INFO: [VRFC 10-2263] Analyzing Verilog file "C:/workspace/Arty_DigiLED/Arty_DigiLED.sim/sim_1/synth/func/tb_func_synth.v" into library xil_defaultlib
INFO: [VRFC 10-311] analyzing module ALU
INFO: [VRFC 10-311] analyzing module ALU_Bit
INFO: [VRFC 10-311] analyzing module ALU_Bit_417
INFO: [VRFC 10-311] analyzing module ALU_Bit_418
INFO: [VRFC 10-311] analyzing module ALU_Bit_419
INFO: [VRFC 10-311] analyzing module ALU_Bit_420
INFO: [VRFC 10-311] analyzing module ALU_Bit_421
INFO: [VRFC 10-311] analyzing module ALU_Bit_422
INFO: [VRFC 10-311] analyzing module ALU_Bit_423
INFO: [VRFC 10-311] analyzing module ALU_Bit_424
INFO: [VRFC 10-311] analyzing module ALU_Bit_425
INFO: [VRFC 10-311] analyzing module ALU_Bit_426
INFO: [VRFC 10-311] analyzing module ALU_Bit_427
INFO: [VRFC 10-311] analyzing module ALU_Bit_428
INFO: [VRFC 10-311] analyzing module ALU_Bit_429
INFO: [VRFC 10-311] analyzing module ALU_Bit_430
INFO: [VRFC 10-311] analyzing module ALU_Bit_431
INFO: [VRFC 10-311] analyzing module ALU_Bit_432
INFO: [VRFC 10-311] analyzing module ALU_Bit_433
INFO: [VRFC 10-311] analyzing module ALU_Bit_434
INFO: [VRFC 10-311] analyzing module ALU_Bit_435
INFO: [VRFC 10-311] analyzing module ALU_Bit_436
INFO: [VRFC 10-311] analyzing module ALU_Bit_437
INFO: [VRFC 10-311] analyzing module ALU_Bit_438
INFO: [VRFC 10-311] analyzing module ALU_Bit_439
INFO: [VRFC 10-311] analyzing module ALU_Bit_440
INFO: [VRFC 10-311] analyzing module ALU_Bit_441
INFO: [VRFC 10-311] analyzing module ALU_Bit_442
INFO: [VRFC 10-311] analyzing module ALU_Bit_443
INFO: [VRFC 10-311] analyzing module ALU_Bit_444
INFO: [VRFC 10-311] analyzing module ALU_Bit_445
INFO: [VRFC 10-311] analyzing module ALU_Bit_446
INFO: [VRFC 10-311] analyzing module ALU_Bit__parameterized31
INFO: [VRFC 10-311] analyzing module Byte_Doublet_Handle_gti
INFO: [VRFC 10-311] analyzing module DAXI_interface
INFO: [VRFC 10-311] analyzing module Data_Flow_Logic
INFO: [VRFC 10-311] analyzing module Data_Flow_gti
INFO: [VRFC 10-311] analyzing module Debug
INFO: [VRFC 10-311] analyzing module Decode_gti
INFO: [VRFC 10-311] analyzing module DigiLED_v1_0
INFO: [VRFC 10-311] analyzing module DigiLED_v1_0_S00_AXI
INFO: [VRFC 10-311] analyzing module GPIO_Core
INFO: [VRFC 10-311] analyzing module GPIO_Core_516
INFO: [VRFC 10-311] analyzing module HSV_to_RGB
INFO: [VRFC 10-311] analyzing module JTAG_CONTROL
INFO: [VRFC 10-311] analyzing module MB_AND2B1L
INFO: [VRFC 10-311] analyzing module MB_FDE
INFO: [VRFC 10-311] analyzing module MB_FDE_270
INFO: [VRFC 10-311] analyzing module MB_FDE_272
INFO: [VRFC 10-311] analyzing module MB_FDE_274
INFO: [VRFC 10-311] analyzing module MB_FDE_276
INFO: [VRFC 10-311] analyzing module MB_FDE_278
INFO: [VRFC 10-311] analyzing module MB_FDE_280
INFO: [VRFC 10-311] analyzing module MB_FDE_282
INFO: [VRFC 10-311] analyzing module MB_FDE_284
INFO: [VRFC 10-311] analyzing module MB_FDE_286
INFO: [VRFC 10-311] analyzing module MB_FDE_288
INFO: [VRFC 10-311] analyzing module MB_FDE_290
INFO: [VRFC 10-311] analyzing module MB_FDE_292
INFO: [VRFC 10-311] analyzing module MB_FDE_294
INFO: [VRFC 10-311] analyzing module MB_FDE_296
INFO: [VRFC 10-311] analyzing module MB_FDE_298
INFO: [VRFC 10-311] analyzing module MB_FDE_300
INFO: [VRFC 10-311] analyzing module MB_FDE_302
INFO: [VRFC 10-311] analyzing module MB_FDE_304
INFO: [VRFC 10-311] analyzing module MB_FDE_306
INFO: [VRFC 10-311] analyzing module MB_FDE_308
INFO: [VRFC 10-311] analyzing module MB_FDE_310
INFO: [VRFC 10-311] analyzing module MB_FDE_312
INFO: [VRFC 10-311] analyzing module MB_FDE_314
INFO: [VRFC 10-311] analyzing module MB_FDE_316
INFO: [VRFC 10-311] analyzing module MB_FDE_318
INFO: [VRFC 10-311] analyzing module MB_FDE_320
INFO: [VRFC 10-311] analyzing module MB_FDE_322
INFO: [VRFC 10-311] analyzing module MB_FDE_324
INFO: [VRFC 10-311] analyzing module MB_FDE_326
INFO: [VRFC 10-311] analyzing module MB_FDE_328
INFO: [VRFC 10-311] analyzing module MB_FDE_330
INFO: [VRFC 10-311] analyzing module MB_FDR
INFO: [VRFC 10-311] analyzing module MB_FDR_101
INFO: [VRFC 10-311] analyzing module MB_FDR_103
INFO: [VRFC 10-311] analyzing module MB_FDR_105
INFO: [VRFC 10-311] analyzing module MB_FDR_107
INFO: [VRFC 10-311] analyzing module MB_FDR_109
INFO: [VRFC 10-311] analyzing module MB_FDR_111
INFO: [VRFC 10-311] analyzing module MB_FDR_113
INFO: [VRFC 10-311] analyzing module MB_FDR_115
INFO: [VRFC 10-311] analyzing module MB_FDR_117
INFO: [VRFC 10-311] analyzing module MB_FDR_119
INFO: [VRFC 10-311] analyzing module MB_FDR_121
INFO: [VRFC 10-311] analyzing module MB_FDR_123
INFO: [VRFC 10-311] analyzing module MB_FDR_125
INFO: [VRFC 10-311] analyzing module MB_FDR_127
INFO: [VRFC 10-311] analyzing module MB_FDR_129
INFO: [VRFC 10-311] analyzing module MB_FDR_131
INFO: [VRFC 10-311] analyzing module MB_FDR_133
INFO: [VRFC 10-311] analyzing module MB_FDR_135
INFO: [VRFC 10-311] analyzing module MB_FDR_137
INFO: [VRFC 10-311] analyzing module MB_FDR_139
INFO: [VRFC 10-311] analyzing module MB_FDR_141
INFO: [VRFC 10-311] analyzing module MB_FDR_143
INFO: [VRFC 10-311] analyzing module MB_FDR_145
INFO: [VRFC 10-311] analyzing module MB_FDR_147
INFO: [VRFC 10-311] analyzing module MB_FDR_149
INFO: [VRFC 10-311] analyzing module MB_FDR_151
INFO: [VRFC 10-311] analyzing module MB_FDR_153
INFO: [VRFC 10-311] analyzing module MB_FDR_155
INFO: [VRFC 10-311] analyzing module MB_FDR_157
INFO: [VRFC 10-311] analyzing module MB_FDR_159
INFO: [VRFC 10-311] analyzing module MB_FDR_161
INFO: [VRFC 10-311] analyzing module MB_FDR_163
INFO: [VRFC 10-311] analyzing module MB_FDR_165
INFO: [VRFC 10-311] analyzing module MB_FDR_195
INFO: [VRFC 10-311] analyzing module MB_FDR_197
INFO: [VRFC 10-311] analyzing module MB_FDR_199
INFO: [VRFC 10-311] analyzing module MB_FDR_201
INFO: [VRFC 10-311] analyzing module MB_FDR_203
INFO: [VRFC 10-311] analyzing module MB_FDR_205
INFO: [VRFC 10-311] analyzing module MB_FDR_207
INFO: [VRFC 10-311] analyzing module MB_FDR_209
INFO: [VRFC 10-311] analyzing module MB_FDR_211
INFO: [VRFC 10-311] analyzing module MB_FDR_213
INFO: [VRFC 10-311] analyzing module MB_FDR_215
INFO: [VRFC 10-311] analyzing module MB_FDR_217
INFO: [VRFC 10-311] analyzing module MB_FDR_219
INFO: [VRFC 10-311] analyzing module MB_FDR_221
INFO: [VRFC 10-311] analyzing module MB_FDR_223
INFO: [VRFC 10-311] analyzing module MB_FDR_225
INFO: [VRFC 10-311] analyzing module MB_FDR_227
INFO: [VRFC 10-311] analyzing module MB_FDR_229
INFO: [VRFC 10-311] analyzing module MB_FDR_231
INFO: [VRFC 10-311] analyzing module MB_FDR_233
INFO: [VRFC 10-311] analyzing module MB_FDR_235
INFO: [VRFC 10-311] analyzing module MB_FDR_237
INFO: [VRFC 10-311] analyzing module MB_FDR_239
INFO: [VRFC 10-311] analyzing module MB_FDR_241
INFO: [VRFC 10-311] analyzing module MB_FDR_243
INFO: [VRFC 10-311] analyzing module MB_FDR_245
INFO: [VRFC 10-311] analyzing module MB_FDR_247
INFO: [VRFC 10-311] analyzing module MB_FDR_249
INFO: [VRFC 10-311] analyzing module MB_FDR_251
INFO: [VRFC 10-311] analyzing module MB_FDR_253
INFO: [VRFC 10-311] analyzing module MB_FDR_255
INFO: [VRFC 10-311] analyzing module MB_FDR_257
INFO: [VRFC 10-311] analyzing module MB_FDR_261
INFO: [VRFC 10-311] analyzing module MB_FDR_262
INFO: [VRFC 10-311] analyzing module MB_FDR_263
INFO: [VRFC 10-311] analyzing module MB_FDR_264
INFO: [VRFC 10-311] analyzing module MB_FDR_265
INFO: [VRFC 10-311] analyzing module MB_FDR_266
INFO: [VRFC 10-311] analyzing module MB_FDR_72
INFO: [VRFC 10-311] analyzing module MB_FDR_73
INFO: [VRFC 10-311] analyzing module MB_FDR_75
INFO: [VRFC 10-311] analyzing module MB_FDR_77
INFO: [VRFC 10-311] analyzing module MB_FDR_79
INFO: [VRFC 10-311] analyzing module MB_FDR_81
INFO: [VRFC 10-311] analyzing module MB_FDR_83
INFO: [VRFC 10-311] analyzing module MB_FDR_85
INFO: [VRFC 10-311] analyzing module MB_FDR_87
INFO: [VRFC 10-311] analyzing module MB_FDR_89
INFO: [VRFC 10-311] analyzing module MB_FDR_91
INFO: [VRFC 10-311] analyzing module MB_FDR_93
INFO: [VRFC 10-311] analyzing module MB_FDR_95
INFO: [VRFC 10-311] analyzing module MB_FDR_97
INFO: [VRFC 10-311] analyzing module MB_FDR_99
INFO: [VRFC 10-311] analyzing module MB_FDS
INFO: [VRFC 10-311] analyzing module MB_LUT4
INFO: [VRFC 10-311] analyzing module MB_LUT6_2
INFO: [VRFC 10-311] analyzing module MB_LUT6_2_449
INFO: [VRFC 10-311] analyzing module MB_LUT6_2_451
INFO: [VRFC 10-311] analyzing module MB_LUT6_2_453
INFO: [VRFC 10-311] analyzing module MB_LUT6_2_455
INFO: [VRFC 10-311] analyzing module MB_LUT6_2_457
INFO: [VRFC 10-311] analyzing module MB_LUT6_2_459
INFO: [VRFC 10-311] analyzing module MB_LUT6_2_461
INFO: [VRFC 10-311] analyzing module MB_LUT6_2_463
INFO: [VRFC 10-311] analyzing module MB_LUT6_2_465
INFO: [VRFC 10-311] analyzing module MB_LUT6_2_467
INFO: [VRFC 10-311] analyzing module MB_LUT6_2_469
INFO: [VRFC 10-311] analyzing module MB_LUT6_2_471
INFO: [VRFC 10-311] analyzing module MB_LUT6_2_473
INFO: [VRFC 10-311] analyzing module MB_LUT6_2_475
INFO: [VRFC 10-311] analyzing module MB_LUT6_2_477
INFO: [VRFC 10-311] analyzing module MB_LUT6_2_479
INFO: [VRFC 10-311] analyzing module MB_LUT6_2_481
INFO: [VRFC 10-311] analyzing module MB_LUT6_2_483
INFO: [VRFC 10-311] analyzing module MB_LUT6_2_485
INFO: [VRFC 10-311] analyzing module MB_LUT6_2_487
INFO: [VRFC 10-311] analyzing module MB_LUT6_2_489
INFO: [VRFC 10-311] analyzing module MB_LUT6_2_491
INFO: [VRFC 10-311] analyzing module MB_LUT6_2_493
INFO: [VRFC 10-311] analyzing module MB_LUT6_2_495
INFO: [VRFC 10-311] analyzing module MB_LUT6_2_497
INFO: [VRFC 10-311] analyzing module MB_LUT6_2_499
INFO: [VRFC 10-311] analyzing module MB_LUT6_2_501
INFO: [VRFC 10-311] analyzing module MB_LUT6_2_503
INFO: [VRFC 10-311] analyzing module MB_LUT6_2_505
INFO: [VRFC 10-311] analyzing module MB_LUT6_2_507
INFO: [VRFC 10-311] analyzing module MB_LUT6_2__parameterized1
INFO: [VRFC 10-311] analyzing module MB_LUT6_2__parameterized11
INFO: [VRFC 10-311] analyzing module MB_LUT6_2__parameterized13
INFO: [VRFC 10-311] analyzing module MB_LUT6_2__parameterized15
INFO: [VRFC 10-311] analyzing module MB_LUT6_2__parameterized17
INFO: [VRFC 10-311] analyzing module MB_LUT6_2__parameterized19
INFO: [VRFC 10-311] analyzing module MB_LUT6_2__parameterized21
INFO: [VRFC 10-311] analyzing module MB_LUT6_2__parameterized23
INFO: [VRFC 10-311] analyzing module MB_LUT6_2__parameterized25
INFO: [VRFC 10-311] analyzing module MB_LUT6_2__parameterized27
INFO: [VRFC 10-311] analyzing module MB_LUT6_2__parameterized29
INFO: [VRFC 10-311] analyzing module MB_LUT6_2__parameterized3
INFO: [VRFC 10-311] analyzing module MB_LUT6_2__parameterized31
INFO: [VRFC 10-311] analyzing module MB_LUT6_2__parameterized33
INFO: [VRFC 10-311] analyzing module MB_LUT6_2__parameterized35
INFO: [VRFC 10-311] analyzing module MB_LUT6_2__parameterized37
INFO: [VRFC 10-311] analyzing module MB_LUT6_2__parameterized39
INFO: [VRFC 10-311] analyzing module MB_LUT6_2__parameterized41
INFO: [VRFC 10-311] analyzing module MB_LUT6_2__parameterized43
INFO: [VRFC 10-311] analyzing module MB_LUT6_2__parameterized45
INFO: [VRFC 10-311] analyzing module MB_LUT6_2__parameterized47
INFO: [VRFC 10-311] analyzing module MB_LUT6_2__parameterized49
INFO: [VRFC 10-311] analyzing module MB_LUT6_2__parameterized5
INFO: [VRFC 10-311] analyzing module MB_LUT6_2__parameterized51
INFO: [VRFC 10-311] analyzing module MB_LUT6_2__parameterized53
INFO: [VRFC 10-311] analyzing module MB_LUT6_2__parameterized55
INFO: [VRFC 10-311] analyzing module MB_LUT6_2__parameterized57
INFO: [VRFC 10-311] analyzing module MB_LUT6_2__parameterized59
INFO: [VRFC 10-311] analyzing module MB_LUT6_2__parameterized61
INFO: [VRFC 10-311] analyzing module MB_LUT6_2__parameterized63
INFO: [VRFC 10-311] analyzing module MB_LUT6_2__parameterized65
INFO: [VRFC 10-311] analyzing module MB_LUT6_2__parameterized67
INFO: [VRFC 10-311] analyzing module MB_LUT6_2__parameterized69
INFO: [VRFC 10-311] analyzing module MB_LUT6_2__parameterized7
INFO: [VRFC 10-311] analyzing module MB_LUT6_2__parameterized71
INFO: [VRFC 10-311] analyzing module MB_LUT6_2__parameterized73
INFO: [VRFC 10-311] analyzing module MB_LUT6_2__parameterized75
INFO: [VRFC 10-311] analyzing module MB_LUT6_2__parameterized77
INFO: [VRFC 10-311] analyzing module MB_LUT6_2__parameterized79
INFO: [VRFC 10-311] analyzing module MB_LUT6_2__parameterized81
INFO: [VRFC 10-311] analyzing module MB_LUT6_2__parameterized83
INFO: [VRFC 10-311] analyzing module MB_LUT6_2__parameterized85
INFO: [VRFC 10-311] analyzing module MB_LUT6_2__parameterized87
INFO: [VRFC 10-311] analyzing module MB_LUT6_2__parameterized89
INFO: [VRFC 10-311] analyzing module MB_LUT6_2__parameterized9
INFO: [VRFC 10-311] analyzing module MB_LUT6_2__parameterized91
INFO: [VRFC 10-311] analyzing module MB_LUT6_2__parameterized93
INFO: [VRFC 10-311] analyzing module MB_LUT6_2__parameterized95
INFO: [VRFC 10-311] analyzing module MB_LUT6_2__parameterized97
INFO: [VRFC 10-311] analyzing module MB_MULT_AND
INFO: [VRFC 10-311] analyzing module MB_MUXCY_XORCY
INFO: [VRFC 10-311] analyzing module MB_MUXCY_XORCY_166
INFO: [VRFC 10-311] analyzing module MB_MUXCY_XORCY_167
INFO: [VRFC 10-311] analyzing module MB_MUXCY_XORCY_168
INFO: [VRFC 10-311] analyzing module MB_MUXCY_XORCY_169
INFO: [VRFC 10-311] analyzing module MB_MUXCY_XORCY_170
INFO: [VRFC 10-311] analyzing module MB_MUXCY_XORCY_171
INFO: [VRFC 10-311] analyzing module MB_MUXCY_XORCY_172
INFO: [VRFC 10-311] analyzing module MB_MUXCY_XORCY_173
INFO: [VRFC 10-311] analyzing module MB_MUXCY_XORCY_174
INFO: [VRFC 10-311] analyzing module MB_MUXCY_XORCY_175
INFO: [VRFC 10-311] analyzing module MB_MUXCY_XORCY_176
INFO: [VRFC 10-311] analyzing module MB_MUXCY_XORCY_177
INFO: [VRFC 10-311] analyzing module MB_MUXCY_XORCY_178
INFO: [VRFC 10-311] analyzing module MB_MUXCY_XORCY_179
INFO: [VRFC 10-311] analyzing module MB_MUXCY_XORCY_180
INFO: [VRFC 10-311] analyzing module MB_MUXCY_XORCY_181
INFO: [VRFC 10-311] analyzing module MB_MUXCY_XORCY_182
INFO: [VRFC 10-311] analyzing module MB_MUXCY_XORCY_183
INFO: [VRFC 10-311] analyzing module MB_MUXCY_XORCY_184
INFO: [VRFC 10-311] analyzing module MB_MUXCY_XORCY_185
INFO: [VRFC 10-311] analyzing module MB_MUXCY_XORCY_186
INFO: [VRFC 10-311] analyzing module MB_MUXCY_XORCY_187
INFO: [VRFC 10-311] analyzing module MB_MUXCY_XORCY_188
INFO: [VRFC 10-311] analyzing module MB_MUXCY_XORCY_189
INFO: [VRFC 10-311] analyzing module MB_MUXCY_XORCY_190
INFO: [VRFC 10-311] analyzing module MB_MUXCY_XORCY_191
INFO: [VRFC 10-311] analyzing module MB_MUXCY_XORCY_192
INFO: [VRFC 10-311] analyzing module MB_MUXCY_XORCY_193
INFO: [VRFC 10-311] analyzing module MB_MUXCY_XORCY_194
INFO: [VRFC 10-311] analyzing module MB_MUXCY_XORCY_268
INFO: [VRFC 10-311] analyzing module MB_MUXCY_XORCY_269
INFO: [VRFC 10-311] analyzing module MB_MUXCY_XORCY_271
INFO: [VRFC 10-311] analyzing module MB_MUXCY_XORCY_273
INFO: [VRFC 10-311] analyzing module MB_MUXCY_XORCY_275
INFO: [VRFC 10-311] analyzing module MB_MUXCY_XORCY_277
INFO: [VRFC 10-311] analyzing module MB_MUXCY_XORCY_279
INFO: [VRFC 10-311] analyzing module MB_MUXCY_XORCY_281
INFO: [VRFC 10-311] analyzing module MB_MUXCY_XORCY_283
INFO: [VRFC 10-311] analyzing module MB_MUXCY_XORCY_285
INFO: [VRFC 10-311] analyzing module MB_MUXCY_XORCY_287
INFO: [VRFC 10-311] analyzing module MB_MUXCY_XORCY_289
INFO: [VRFC 10-311] analyzing module MB_MUXCY_XORCY_291
INFO: [VRFC 10-311] analyzing module MB_MUXCY_XORCY_293
INFO: [VRFC 10-311] analyzing module MB_MUXCY_XORCY_295
INFO: [VRFC 10-311] analyzing module MB_MUXCY_XORCY_297
INFO: [VRFC 10-311] analyzing module MB_MUXCY_XORCY_299
INFO: [VRFC 10-311] analyzing module MB_MUXCY_XORCY_301
INFO: [VRFC 10-311] analyzing module MB_MUXCY_XORCY_303
INFO: [VRFC 10-311] analyzing module MB_MUXCY_XORCY_305
INFO: [VRFC 10-311] analyzing module MB_MUXCY_XORCY_307
INFO: [VRFC 10-311] analyzing module MB_MUXCY_XORCY_309
INFO: [VRFC 10-311] analyzing module MB_MUXCY_XORCY_311
INFO: [VRFC 10-311] analyzing module MB_MUXCY_XORCY_313
INFO: [VRFC 10-311] analyzing module MB_MUXCY_XORCY_315
INFO: [VRFC 10-311] analyzing module MB_MUXCY_XORCY_317
INFO: [VRFC 10-311] analyzing module MB_MUXCY_XORCY_319
INFO: [VRFC 10-311] analyzing module MB_MUXCY_XORCY_321
INFO: [VRFC 10-311] analyzing module MB_MUXCY_XORCY_323
INFO: [VRFC 10-311] analyzing module MB_MUXCY_XORCY_325
INFO: [VRFC 10-311] analyzing module MB_MUXCY_XORCY_327
INFO: [VRFC 10-311] analyzing module MB_MUXCY_XORCY_329
INFO: [VRFC 10-311] analyzing module MB_MUXCY_XORCY_448
INFO: [VRFC 10-311] analyzing module MB_MUXCY_XORCY_450
INFO: [VRFC 10-311] analyzing module MB_MUXCY_XORCY_452
INFO: [VRFC 10-311] analyzing module MB_MUXCY_XORCY_454
INFO: [VRFC 10-311] analyzing module MB_MUXCY_XORCY_456
INFO: [VRFC 10-311] analyzing module MB_MUXCY_XORCY_458
INFO: [VRFC 10-311] analyzing module MB_MUXCY_XORCY_460
INFO: [VRFC 10-311] analyzing module MB_MUXCY_XORCY_462
INFO: [VRFC 10-311] analyzing module MB_MUXCY_XORCY_464
INFO: [VRFC 10-311] analyzing module MB_MUXCY_XORCY_466
INFO: [VRFC 10-311] analyzing module MB_MUXCY_XORCY_468
INFO: [VRFC 10-311] analyzing module MB_MUXCY_XORCY_470
INFO: [VRFC 10-311] analyzing module MB_MUXCY_XORCY_472
INFO: [VRFC 10-311] analyzing module MB_MUXCY_XORCY_474
INFO: [VRFC 10-311] analyzing module MB_MUXCY_XORCY_476
INFO: [VRFC 10-311] analyzing module MB_MUXCY_XORCY_478
INFO: [VRFC 10-311] analyzing module MB_MUXCY_XORCY_480
INFO: [VRFC 10-311] analyzing module MB_MUXCY_XORCY_482
INFO: [VRFC 10-311] analyzing module MB_MUXCY_XORCY_484
INFO: [VRFC 10-311] analyzing module MB_MUXCY_XORCY_486
INFO: [VRFC 10-311] analyzing module MB_MUXCY_XORCY_488
INFO: [VRFC 10-311] analyzing module MB_MUXCY_XORCY_490
INFO: [VRFC 10-311] analyzing module MB_MUXCY_XORCY_492
INFO: [VRFC 10-311] analyzing module MB_MUXCY_XORCY_494
INFO: [VRFC 10-311] analyzing module MB_MUXCY_XORCY_496
INFO: [VRFC 10-311] analyzing module MB_MUXCY_XORCY_498
INFO: [VRFC 10-311] analyzing module MB_MUXCY_XORCY_500
INFO: [VRFC 10-311] analyzing module MB_MUXCY_XORCY_502
INFO: [VRFC 10-311] analyzing module MB_MUXCY_XORCY_504
INFO: [VRFC 10-311] analyzing module MB_MUXCY_XORCY_506
INFO: [VRFC 10-311] analyzing module MB_MUXCY_XORCY_508
INFO: [VRFC 10-311] analyzing module MB_MUXCY_XORCY_509
INFO: [VRFC 10-311] analyzing module MB_RAM32M
INFO: [VRFC 10-311] analyzing module MB_RAM32M_338
INFO: [VRFC 10-311] analyzing module MB_RAM32M_339
INFO: [VRFC 10-311] analyzing module MB_RAM32M_340
INFO: [VRFC 10-311] analyzing module MB_RAM32M_341
INFO: [VRFC 10-311] analyzing module MB_RAM32M_342
INFO: [VRFC 10-311] analyzing module MB_RAM32M_343
INFO: [VRFC 10-311] analyzing module MB_RAM32M_344
INFO: [VRFC 10-311] analyzing module MB_RAM32M_345
INFO: [VRFC 10-311] analyzing module MB_RAM32M_346
INFO: [VRFC 10-311] analyzing module MB_RAM32M_347
INFO: [VRFC 10-311] analyzing module MB_RAM32M_348
INFO: [VRFC 10-311] analyzing module MB_RAM32M_349
INFO: [VRFC 10-311] analyzing module MB_RAM32M_350
INFO: [VRFC 10-311] analyzing module MB_RAM32M_351
INFO: [VRFC 10-311] analyzing module MB_RAM32M_352
INFO: [VRFC 10-311] analyzing module MB_SRL16E
INFO: [VRFC 10-311] analyzing module MB_SRL16E__parameterized1
INFO: [VRFC 10-311] analyzing module MB_SRL16E__parameterized11
INFO: [VRFC 10-311] analyzing module MB_SRL16E__parameterized13
INFO: [VRFC 10-311] analyzing module MB_SRL16E__parameterized15
INFO: [VRFC 10-311] analyzing module MB_SRL16E__parameterized17
INFO: [VRFC 10-311] analyzing module MB_SRL16E__parameterized19
INFO: [VRFC 10-311] analyzing module MB_SRL16E__parameterized21
INFO: [VRFC 10-311] analyzing module MB_SRL16E__parameterized23
INFO: [VRFC 10-311] analyzing module MB_SRL16E__parameterized25
INFO: [VRFC 10-311] analyzing module MB_SRL16E__parameterized3
INFO: [VRFC 10-311] analyzing module MB_SRL16E__parameterized5
INFO: [VRFC 10-311] analyzing module MB_SRL16E__parameterized7
INFO: [VRFC 10-311] analyzing module MB_SRL16E__parameterized9
INFO: [VRFC 10-311] analyzing module MB_SRLC16E
INFO: [VRFC 10-311] analyzing module MB_SRLC16E_11
INFO: [VRFC 10-311] analyzing module MB_SRLC16E_13
INFO: [VRFC 10-311] analyzing module MB_SRLC16E_15
INFO: [VRFC 10-311] analyzing module MB_SRLC16E_17
INFO: [VRFC 10-311] analyzing module MB_SRLC16E_19
INFO: [VRFC 10-311] analyzing module MB_SRLC16E_21
INFO: [VRFC 10-311] analyzing module MB_SRLC16E_23
INFO: [VRFC 10-311] analyzing module MDM
INFO: [VRFC 10-311] analyzing module MDM_Core
INFO: [VRFC 10-311] analyzing module MicroBlaze
INFO: [VRFC 10-311] analyzing module MicroBlaze_Core
INFO: [VRFC 10-311] analyzing module MicroBlaze_GTi
INFO: [VRFC 10-311] analyzing module Operand_Select_gti
INFO: [VRFC 10-311] analyzing module PC_Module_gti
INFO: [VRFC 10-311] analyzing module PreFetch_Buffer_gti
INFO: [VRFC 10-311] analyzing module Register_File_gti
INFO: [VRFC 10-311] analyzing module Shift_Logic_Module_gti
INFO: [VRFC 10-311] analyzing module Zero_Detect_gti
INFO: [VRFC 10-311] analyzing module address_decoder
INFO: [VRFC 10-311] analyzing module address_decoder_519
INFO: [VRFC 10-311] analyzing module address_decoder__parameterized0
INFO: [VRFC 10-311] analyzing module address_hit
INFO: [VRFC 10-311] analyzing module axi_crossbar_v2_1_8_addr_arbiter_sasd
INFO: [VRFC 10-311] analyzing module axi_crossbar_v2_1_8_axi_crossbar
INFO: [VRFC 10-311] analyzing module axi_crossbar_v2_1_8_crossbar_sasd
INFO: [VRFC 10-311] analyzing module axi_crossbar_v2_1_8_decerr_slave
INFO: [VRFC 10-311] analyzing module axi_crossbar_v2_1_8_splitter
INFO: [VRFC 10-311] analyzing module axi_crossbar_v2_1_8_splitter__parameterized0
INFO: [VRFC 10-311] analyzing module axi_gpio
INFO: [VRFC 10-311] analyzing module axi_gpio__2
INFO: [VRFC 10-311] analyzing module axi_lite_ipif
INFO: [VRFC 10-311] analyzing module axi_lite_ipif_515
INFO: [VRFC 10-311] analyzing module axi_lite_ipif__parameterized0
INFO: [VRFC 10-311] analyzing module axi_register_slice_v2_1_7_axic_register_slice
INFO: [VRFC 10-311] analyzing module axi_uartlite
INFO: [VRFC 10-311] analyzing module baudrate
INFO: [VRFC 10-311] analyzing module blk_mem_gen_generic_cstr
INFO: [VRFC 10-311] analyzing module blk_mem_gen_prim_width
INFO: [VRFC 10-311] analyzing module blk_mem_gen_prim_width__parameterized0
INFO: [VRFC 10-311] analyzing module blk_mem_gen_prim_width__parameterized1
INFO: [VRFC 10-311] analyzing module blk_mem_gen_prim_width__parameterized10
INFO: [VRFC 10-311] analyzing module blk_mem_gen_prim_width__parameterized11
INFO: [VRFC 10-311] analyzing module blk_mem_gen_prim_width__parameterized12
INFO: [VRFC 10-311] analyzing module blk_mem_gen_prim_width__parameterized13
INFO: [VRFC 10-311] analyzing module blk_mem_gen_prim_width__parameterized14
INFO: [VRFC 10-311] analyzing module blk_mem_gen_prim_width__parameterized15
INFO: [VRFC 10-311] analyzing module blk_mem_gen_prim_width__parameterized16
INFO: [VRFC 10-311] analyzing module blk_mem_gen_prim_width__parameterized17
INFO: [VRFC 10-311] analyzing module blk_mem_gen_prim_width__parameterized18
INFO: [VRFC 10-311] analyzing module blk_mem_gen_prim_width__parameterized19
INFO: [VRFC 10-311] analyzing module blk_mem_gen_prim_width__parameterized2
INFO: [VRFC 10-311] analyzing module blk_mem_gen_prim_width__parameterized20
INFO: [VRFC 10-311] analyzing module blk_mem_gen_prim_width__parameterized21
INFO: [VRFC 10-311] analyzing module blk_mem_gen_prim_width__parameterized22
INFO: [VRFC 10-311] analyzing module blk_mem_gen_prim_width__parameterized23
INFO: [VRFC 10-311] analyzing module blk_mem_gen_prim_width__parameterized24
INFO: [VRFC 10-311] analyzing module blk_mem_gen_prim_width__parameterized25
INFO: [VRFC 10-311] analyzing module blk_mem_gen_prim_width__parameterized26
INFO: [VRFC 10-311] analyzing module blk_mem_gen_prim_width__parameterized27
INFO: [VRFC 10-311] analyzing module blk_mem_gen_prim_width__parameterized28
INFO: [VRFC 10-311] analyzing module blk_mem_gen_prim_width__parameterized29
INFO: [VRFC 10-311] analyzing module blk_mem_gen_prim_width__parameterized3
INFO: [VRFC 10-311] analyzing module blk_mem_gen_prim_width__parameterized30
INFO: [VRFC 10-311] analyzing module blk_mem_gen_prim_width__parameterized4
INFO: [VRFC 10-311] analyzing module blk_mem_gen_prim_width__parameterized5
INFO: [VRFC 10-311] analyzing module blk_mem_gen_prim_width__parameterized6
INFO: [VRFC 10-311] analyzing module blk_mem_gen_prim_width__parameterized7
INFO: [VRFC 10-311] analyzing module blk_mem_gen_prim_width__parameterized8
INFO: [VRFC 10-311] analyzing module blk_mem_gen_prim_width__parameterized9
INFO: [VRFC 10-311] analyzing module blk_mem_gen_prim_wrapper
INFO: [VRFC 10-311] analyzing module blk_mem_gen_prim_wrapper__parameterized0
INFO: [VRFC 10-311] analyzing module blk_mem_gen_prim_wrapper__parameterized1
INFO: [VRFC 10-311] analyzing module blk_mem_gen_prim_wrapper__parameterized10
INFO: [VRFC 10-311] analyzing module blk_mem_gen_prim_wrapper__parameterized11
INFO: [VRFC 10-311] analyzing module blk_mem_gen_prim_wrapper__parameterized12
INFO: [VRFC 10-311] analyzing module blk_mem_gen_prim_wrapper__parameterized13
INFO: [VRFC 10-311] analyzing module blk_mem_gen_prim_wrapper__parameterized14
INFO: [VRFC 10-311] analyzing module blk_mem_gen_prim_wrapper__parameterized15
INFO: [VRFC 10-311] analyzing module blk_mem_gen_prim_wrapper__parameterized16
INFO: [VRFC 10-311] analyzing module blk_mem_gen_prim_wrapper__parameterized17
INFO: [VRFC 10-311] analyzing module blk_mem_gen_prim_wrapper__parameterized18
INFO: [VRFC 10-311] analyzing module blk_mem_gen_prim_wrapper__parameterized19
INFO: [VRFC 10-311] analyzing module blk_mem_gen_prim_wrapper__parameterized2
INFO: [VRFC 10-311] analyzing module blk_mem_gen_prim_wrapper__parameterized20
INFO: [VRFC 10-311] analyzing module blk_mem_gen_prim_wrapper__parameterized21
INFO: [VRFC 10-311] analyzing module blk_mem_gen_prim_wrapper__parameterized22
INFO: [VRFC 10-311] analyzing module blk_mem_gen_prim_wrapper__parameterized23
INFO: [VRFC 10-311] analyzing module blk_mem_gen_prim_wrapper__parameterized24
INFO: [VRFC 10-311] analyzing module blk_mem_gen_prim_wrapper__parameterized25
INFO: [VRFC 10-311] analyzing module blk_mem_gen_prim_wrapper__parameterized26
INFO: [VRFC 10-311] analyzing module blk_mem_gen_prim_wrapper__parameterized27
INFO: [VRFC 10-311] analyzing module blk_mem_gen_prim_wrapper__parameterized28
INFO: [VRFC 10-311] analyzing module blk_mem_gen_prim_wrapper__parameterized29
INFO: [VRFC 10-311] analyzing module blk_mem_gen_prim_wrapper__parameterized3
INFO: [VRFC 10-311] analyzing module blk_mem_gen_prim_wrapper__parameterized30
INFO: [VRFC 10-311] analyzing module blk_mem_gen_prim_wrapper__parameterized4
INFO: [VRFC 10-311] analyzing module blk_mem_gen_prim_wrapper__parameterized5
INFO: [VRFC 10-311] analyzing module blk_mem_gen_prim_wrapper__parameterized6
INFO: [VRFC 10-311] analyzing module blk_mem_gen_prim_wrapper__parameterized7
INFO: [VRFC 10-311] analyzing module blk_mem_gen_prim_wrapper__parameterized8
INFO: [VRFC 10-311] analyzing module blk_mem_gen_prim_wrapper__parameterized9
INFO: [VRFC 10-311] analyzing module blk_mem_gen_top
INFO: [VRFC 10-311] analyzing module blk_mem_gen_v8_3_1
INFO: [VRFC 10-311] analyzing module blk_mem_gen_v8_3_1_synth
INFO: [VRFC 10-311] analyzing module cdc_sync
INFO: [VRFC 10-311] analyzing module cdc_sync_517
INFO: [VRFC 10-311] analyzing module cdc_sync__parameterized0
INFO: [VRFC 10-311] analyzing module cdc_sync__parameterized1
INFO: [VRFC 10-311] analyzing module cdc_sync__parameterized2
INFO: [VRFC 10-311] analyzing module cntr_incr_decr_addn_f
INFO: [VRFC 10-311] analyzing module cntr_incr_decr_addn_f_513
INFO: [VRFC 10-311] analyzing module design_1
INFO: [VRFC 10-311] analyzing module design_1_DigiLED_0_0
INFO: [VRFC 10-311] analyzing module design_1_axi_gpio_0_3
INFO: [VRFC 10-311] analyzing module design_1_axi_gpio_1_2
INFO: [VRFC 10-311] analyzing module design_1_axi_uartlite_0_0
INFO: [VRFC 10-311] analyzing module design_1_clk_wiz_1_0
INFO: [VRFC 10-311] analyzing module design_1_clk_wiz_1_0_clk_wiz
INFO: [VRFC 10-311] analyzing module design_1_dlmb_bram_if_cntlr_0
INFO: [VRFC 10-311] analyzing module design_1_dlmb_v10_0
INFO: [VRFC 10-311] analyzing module design_1_ilmb_bram_if_cntlr_0
INFO: [VRFC 10-311] analyzing module design_1_ilmb_v10_0
INFO: [VRFC 10-311] analyzing module design_1_lmb_bram_0
INFO: [VRFC 10-311] analyzing module design_1_mdm_1_0
INFO: [VRFC 10-311] analyzing module design_1_microblaze_0_0
INFO: [VRFC 10-311] analyzing module design_1_microblaze_0_axi_periph_1
INFO: [VRFC 10-311] analyzing module design_1_rst_clk_wiz_1_100M_0
INFO: [VRFC 10-311] analyzing module design_1_wrapper
INFO: [VRFC 10-311] analyzing module design_1_xbar_1
INFO: [VRFC 10-311] analyzing module dynshreg_f
INFO: [VRFC 10-311] analyzing module dynshreg_f_514
INFO: [VRFC 10-311] analyzing module dynshreg_i_f
INFO: [VRFC 10-311] analyzing module dynshreg_i_f__parameterized0
INFO: [VRFC 10-311] analyzing module exception_registers_gti
INFO: [VRFC 10-311] analyzing module instr_mux
INFO: [VRFC 10-311] analyzing module jump_logic
INFO: [VRFC 10-311] analyzing module led_driver
INFO: [VRFC 10-311] analyzing module lmb_bram_if_cntlr
INFO: [VRFC 10-311] analyzing module lmb_bram_if_cntlr__parameterized1
INFO: [VRFC 10-311] analyzing module lmb_v10
INFO: [VRFC 10-311] analyzing module lmb_v10__1
INFO: [VRFC 10-311] analyzing module lpf
INFO: [VRFC 10-311] analyzing module mb_sync_bit
INFO: [VRFC 10-311] analyzing module mb_sync_bit_0
INFO: [VRFC 10-311] analyzing module mb_sync_bit_1
INFO: [VRFC 10-311] analyzing module mb_sync_bit_2
INFO: [VRFC 10-311] analyzing module mb_sync_bit_3
INFO: [VRFC 10-311] analyzing module mb_sync_bit_4
INFO: [VRFC 10-311] analyzing module mb_sync_bit_5
INFO: [VRFC 10-311] analyzing module mb_sync_bit_6
INFO: [VRFC 10-311] analyzing module mb_sync_bit_7
INFO: [VRFC 10-311] analyzing module mb_sync_bit_8
INFO: [VRFC 10-311] analyzing module mb_sync_bit__parameterized1
INFO: [VRFC 10-311] analyzing module mb_sync_bit__parameterized11
INFO: [VRFC 10-311] analyzing module mb_sync_bit__parameterized13
INFO: [VRFC 10-311] analyzing module mb_sync_bit__parameterized15
INFO: [VRFC 10-311] analyzing module mb_sync_bit__parameterized17
INFO: [VRFC 10-311] analyzing module mb_sync_bit__parameterized19
INFO: [VRFC 10-311] analyzing module mb_sync_bit__parameterized21
INFO: [VRFC 10-311] analyzing module mb_sync_bit__parameterized23
INFO: [VRFC 10-311] analyzing module mb_sync_bit__parameterized25
INFO: [VRFC 10-311] analyzing module mb_sync_bit__parameterized27
INFO: [VRFC 10-311] analyzing module mb_sync_bit__parameterized29
INFO: [VRFC 10-311] analyzing module mb_sync_bit__parameterized3
INFO: [VRFC 10-311] analyzing module mb_sync_bit__parameterized31
INFO: [VRFC 10-311] analyzing module mb_sync_bit__parameterized33
INFO: [VRFC 10-311] analyzing module mb_sync_bit__parameterized35
INFO: [VRFC 10-311] analyzing module mb_sync_bit__parameterized37
INFO: [VRFC 10-311] analyzing module mb_sync_bit__parameterized39
INFO: [VRFC 10-311] analyzing module mb_sync_bit__parameterized41
INFO: [VRFC 10-311] analyzing module mb_sync_bit__parameterized5
INFO: [VRFC 10-311] analyzing module mb_sync_bit__parameterized52
INFO: [VRFC 10-311] analyzing module mb_sync_bit__parameterized54
INFO: [VRFC 10-311] analyzing module mb_sync_bit__parameterized7
INFO: [VRFC 10-311] analyzing module mb_sync_bit__parameterized9
INFO: [VRFC 10-311] analyzing module mb_sync_vec
INFO: [VRFC 10-311] analyzing module mb_sync_vec__parameterized1
INFO: [VRFC 10-311] analyzing module microblaze_0_local_memory_imp_1K0VQXK
INFO: [VRFC 10-311] analyzing module microblaze_v9_5_3_MB_FDRE
INFO: [VRFC 10-311] analyzing module microblaze_v9_5_3_MB_FDRE_34
INFO: [VRFC 10-311] analyzing module microblaze_v9_5_3_MB_FDRE_35
INFO: [VRFC 10-311] analyzing module microblaze_v9_5_3_MB_FDRE_36
INFO: [VRFC 10-311] analyzing module microblaze_v9_5_3_MB_FDRE_37
INFO: [VRFC 10-311] analyzing module microblaze_v9_5_3_MB_FDRE_38
INFO: [VRFC 10-311] analyzing module microblaze_v9_5_3_MB_FDRE_385
INFO: [VRFC 10-311] analyzing module microblaze_v9_5_3_MB_FDRE_386
INFO: [VRFC 10-311] analyzing module microblaze_v9_5_3_MB_FDRE_387
INFO: [VRFC 10-311] analyzing module microblaze_v9_5_3_MB_FDRE_388
INFO: [VRFC 10-311] analyzing module microblaze_v9_5_3_MB_FDRE_389
INFO: [VRFC 10-311] analyzing module microblaze_v9_5_3_MB_FDRE_39
INFO: [VRFC 10-311] analyzing module microblaze_v9_5_3_MB_FDRE_390
INFO: [VRFC 10-311] analyzing module microblaze_v9_5_3_MB_FDRE_391
INFO: [VRFC 10-311] analyzing module microblaze_v9_5_3_MB_FDRE_392
INFO: [VRFC 10-311] analyzing module microblaze_v9_5_3_MB_FDRE_393
INFO: [VRFC 10-311] analyzing module microblaze_v9_5_3_MB_FDRE_394
INFO: [VRFC 10-311] analyzing module microblaze_v9_5_3_MB_FDRE_395
INFO: [VRFC 10-311] analyzing module microblaze_v9_5_3_MB_FDRE_396
INFO: [VRFC 10-311] analyzing module microblaze_v9_5_3_MB_FDRE_397
INFO: [VRFC 10-311] analyzing module microblaze_v9_5_3_MB_FDRE_398
INFO: [VRFC 10-311] analyzing module microblaze_v9_5_3_MB_FDRE_399
INFO: [VRFC 10-311] analyzing module microblaze_v9_5_3_MB_FDRE_40
INFO: [VRFC 10-311] analyzing module microblaze_v9_5_3_MB_FDRE_400
INFO: [VRFC 10-311] analyzing module microblaze_v9_5_3_MB_FDRE_401
INFO: [VRFC 10-311] analyzing module microblaze_v9_5_3_MB_FDRE_402
INFO: [VRFC 10-311] analyzing module microblaze_v9_5_3_MB_FDRE_403
INFO: [VRFC 10-311] analyzing module microblaze_v9_5_3_MB_FDRE_404
INFO: [VRFC 10-311] analyzing module microblaze_v9_5_3_MB_FDRE_405
INFO: [VRFC 10-311] analyzing module microblaze_v9_5_3_MB_FDRE_406
INFO: [VRFC 10-311] analyzing module microblaze_v9_5_3_MB_FDRE_407
INFO: [VRFC 10-311] analyzing module microblaze_v9_5_3_MB_FDRE_408
INFO: [VRFC 10-311] analyzing module microblaze_v9_5_3_MB_FDRE_409
INFO: [VRFC 10-311] analyzing module microblaze_v9_5_3_MB_FDRE_41
INFO: [VRFC 10-311] analyzing module microblaze_v9_5_3_MB_FDRE_410
INFO: [VRFC 10-311] analyzing module microblaze_v9_5_3_MB_FDRE_411
INFO: [VRFC 10-311] analyzing module microblaze_v9_5_3_MB_FDRE_412
INFO: [VRFC 10-311] analyzing module microblaze_v9_5_3_MB_FDRE_413
INFO: [VRFC 10-311] analyzing module microblaze_v9_5_3_MB_FDRE_414
INFO: [VRFC 10-311] analyzing module microblaze_v9_5_3_MB_FDRE_415
INFO: [VRFC 10-311] analyzing module microblaze_v9_5_3_MB_FDRE_416
INFO: [VRFC 10-311] analyzing module microblaze_v9_5_3_MB_FDRE_42
INFO: [VRFC 10-311] analyzing module microblaze_v9_5_3_MB_FDRE_43
INFO: [VRFC 10-311] analyzing module microblaze_v9_5_3_MB_FDRE_44
INFO: [VRFC 10-311] analyzing module microblaze_v9_5_3_MB_FDRE_45
INFO: [VRFC 10-311] analyzing module microblaze_v9_5_3_MB_LUT6
INFO: [VRFC 10-311] analyzing module microblaze_v9_5_3_MB_LUT6_74
INFO: [VRFC 10-311] analyzing module microblaze_v9_5_3_MB_LUT6_76
INFO: [VRFC 10-311] analyzing module microblaze_v9_5_3_MB_LUT6_78
INFO: [VRFC 10-311] analyzing module microblaze_v9_5_3_MB_LUT6__parameterized0
INFO: [VRFC 10-311] analyzing module microblaze_v9_5_3_MB_LUT6__parameterized1
INFO: [VRFC 10-311] analyzing module microblaze_v9_5_3_MB_LUT6__parameterized10
INFO: [VRFC 10-311] analyzing module microblaze_v9_5_3_MB_LUT6__parameterized11
INFO: [VRFC 10-311] analyzing module microblaze_v9_5_3_MB_LUT6__parameterized12
INFO: [VRFC 10-311] analyzing module microblaze_v9_5_3_MB_LUT6__parameterized13
INFO: [VRFC 10-311] analyzing module microblaze_v9_5_3_MB_LUT6__parameterized14
INFO: [VRFC 10-311] analyzing module microblaze_v9_5_3_MB_LUT6__parameterized15
INFO: [VRFC 10-311] analyzing module microblaze_v9_5_3_MB_LUT6__parameterized2
INFO: [VRFC 10-311] analyzing module microblaze_v9_5_3_MB_LUT6__parameterized3
INFO: [VRFC 10-311] analyzing module microblaze_v9_5_3_MB_LUT6__parameterized4
INFO: [VRFC 10-311] analyzing module microblaze_v9_5_3_MB_LUT6__parameterized5
INFO: [VRFC 10-311] analyzing module microblaze_v9_5_3_MB_LUT6__parameterized6
INFO: [VRFC 10-311] analyzing module microblaze_v9_5_3_MB_LUT6__parameterized7
INFO: [VRFC 10-311] analyzing module microblaze_v9_5_3_MB_LUT6__parameterized8
INFO: [VRFC 10-311] analyzing module microblaze_v9_5_3_MB_LUT6__parameterized9
INFO: [VRFC 10-311] analyzing module microblaze_v9_5_3_MB_MUXCY
INFO: [VRFC 10-311] analyzing module microblaze_v9_5_3_MB_MUXCY_10
INFO: [VRFC 10-311] analyzing module microblaze_v9_5_3_MB_MUXCY_12
INFO: [VRFC 10-311] analyzing module microblaze_v9_5_3_MB_MUXCY_14
INFO: [VRFC 10-311] analyzing module microblaze_v9_5_3_MB_MUXCY_16
INFO: [VRFC 10-311] analyzing module microblaze_v9_5_3_MB_MUXCY_18
INFO: [VRFC 10-311] analyzing module microblaze_v9_5_3_MB_MUXCY_20
INFO: [VRFC 10-311] analyzing module microblaze_v9_5_3_MB_MUXCY_22
INFO: [VRFC 10-311] analyzing module microblaze_v9_5_3_MB_MUXCY_24
INFO: [VRFC 10-311] analyzing module microblaze_v9_5_3_MB_MUXCY_259
INFO: [VRFC 10-311] analyzing module microblaze_v9_5_3_MB_MUXCY_260
INFO: [VRFC 10-311] analyzing module microblaze_v9_5_3_MB_MUXCY_267
INFO: [VRFC 10-311] analyzing module microblaze_v9_5_3_MB_MUXCY_331
INFO: [VRFC 10-311] analyzing module microblaze_v9_5_3_MB_MUXCY_332
INFO: [VRFC 10-311] analyzing module microblaze_v9_5_3_MB_MUXCY_333
INFO: [VRFC 10-311] analyzing module microblaze_v9_5_3_MB_MUXCY_334
INFO: [VRFC 10-311] analyzing module microblaze_v9_5_3_MB_MUXCY_335
INFO: [VRFC 10-311] analyzing module microblaze_v9_5_3_MB_MUXCY_336
INFO: [VRFC 10-311] analyzing module microblaze_v9_5_3_MB_MUXCY_337
INFO: [VRFC 10-311] analyzing module microblaze_v9_5_3_MB_MUXCY_447
INFO: [VRFC 10-311] analyzing module microblaze_v9_5_3_MB_MUXCY_51
INFO: [VRFC 10-311] analyzing module microblaze_v9_5_3_MB_MUXCY_510
INFO: [VRFC 10-311] analyzing module microblaze_v9_5_3_MB_MUXCY_52
INFO: [VRFC 10-311] analyzing module microblaze_v9_5_3_MB_MUXCY_53
INFO: [VRFC 10-311] analyzing module microblaze_v9_5_3_MB_MUXCY_54
INFO: [VRFC 10-311] analyzing module microblaze_v9_5_3_MB_MUXCY_55
INFO: [VRFC 10-311] analyzing module microblaze_v9_5_3_MB_MUXCY_56
INFO: [VRFC 10-311] analyzing module microblaze_v9_5_3_MB_MUXCY_57
INFO: [VRFC 10-311] analyzing module microblaze_v9_5_3_MB_MUXCY_58
INFO: [VRFC 10-311] analyzing module microblaze_v9_5_3_MB_MUXCY_59
INFO: [VRFC 10-311] analyzing module microblaze_v9_5_3_MB_MUXCY_60
INFO: [VRFC 10-311] analyzing module microblaze_v9_5_3_MB_MUXCY_61
INFO: [VRFC 10-311] analyzing module microblaze_v9_5_3_MB_MUXCY_62
INFO: [VRFC 10-311] analyzing module microblaze_v9_5_3_MB_MUXCY_63
INFO: [VRFC 10-311] analyzing module microblaze_v9_5_3_MB_MUXCY_64
INFO: [VRFC 10-311] analyzing module microblaze_v9_5_3_MB_MUXCY_65
INFO: [VRFC 10-311] analyzing module microblaze_v9_5_3_MB_MUXCY_66
INFO: [VRFC 10-311] analyzing module microblaze_v9_5_3_MB_MUXCY_67
INFO: [VRFC 10-311] analyzing module microblaze_v9_5_3_MB_MUXCY_68
INFO: [VRFC 10-311] analyzing module microblaze_v9_5_3_MB_MUXCY_69
INFO: [VRFC 10-311] analyzing module microblaze_v9_5_3_MB_MUXCY_70
INFO: [VRFC 10-311] analyzing module microblaze_v9_5_3_MB_MUXCY_71
INFO: [VRFC 10-311] analyzing module microblaze_v9_5_3_MB_MUXCY_9
INFO: [VRFC 10-311] analyzing module microblaze_v9_5_3_MB_MUXF7
INFO: [VRFC 10-311] analyzing module microblaze_v9_5_3_MB_MUXF7_100
INFO: [VRFC 10-311] analyzing module microblaze_v9_5_3_MB_MUXF7_102
INFO: [VRFC 10-311] analyzing module microblaze_v9_5_3_MB_MUXF7_104
INFO: [VRFC 10-311] analyzing module microblaze_v9_5_3_MB_MUXF7_106
INFO: [VRFC 10-311] analyzing module microblaze_v9_5_3_MB_MUXF7_108
INFO: [VRFC 10-311] analyzing module microblaze_v9_5_3_MB_MUXF7_110
INFO: [VRFC 10-311] analyzing module microblaze_v9_5_3_MB_MUXF7_112
INFO: [VRFC 10-311] analyzing module microblaze_v9_5_3_MB_MUXF7_114
INFO: [VRFC 10-311] analyzing module microblaze_v9_5_3_MB_MUXF7_116
INFO: [VRFC 10-311] analyzing module microblaze_v9_5_3_MB_MUXF7_118
INFO: [VRFC 10-311] analyzing module microblaze_v9_5_3_MB_MUXF7_120
INFO: [VRFC 10-311] analyzing module microblaze_v9_5_3_MB_MUXF7_122
INFO: [VRFC 10-311] analyzing module microblaze_v9_5_3_MB_MUXF7_124
INFO: [VRFC 10-311] analyzing module microblaze_v9_5_3_MB_MUXF7_126
INFO: [VRFC 10-311] analyzing module microblaze_v9_5_3_MB_MUXF7_128
INFO: [VRFC 10-311] analyzing module microblaze_v9_5_3_MB_MUXF7_130
INFO: [VRFC 10-311] analyzing module microblaze_v9_5_3_MB_MUXF7_132
INFO: [VRFC 10-311] analyzing module microblaze_v9_5_3_MB_MUXF7_134
INFO: [VRFC 10-311] analyzing module microblaze_v9_5_3_MB_MUXF7_136
INFO: [VRFC 10-311] analyzing module microblaze_v9_5_3_MB_MUXF7_138
INFO: [VRFC 10-311] analyzing module microblaze_v9_5_3_MB_MUXF7_140
INFO: [VRFC 10-311] analyzing module microblaze_v9_5_3_MB_MUXF7_142
INFO: [VRFC 10-311] analyzing module microblaze_v9_5_3_MB_MUXF7_144
INFO: [VRFC 10-311] analyzing module microblaze_v9_5_3_MB_MUXF7_146
INFO: [VRFC 10-311] analyzing module microblaze_v9_5_3_MB_MUXF7_148
INFO: [VRFC 10-311] analyzing module microblaze_v9_5_3_MB_MUXF7_150
INFO: [VRFC 10-311] analyzing module microblaze_v9_5_3_MB_MUXF7_152
INFO: [VRFC 10-311] analyzing module microblaze_v9_5_3_MB_MUXF7_154
INFO: [VRFC 10-311] analyzing module microblaze_v9_5_3_MB_MUXF7_156
INFO: [VRFC 10-311] analyzing module microblaze_v9_5_3_MB_MUXF7_158
INFO: [VRFC 10-311] analyzing module microblaze_v9_5_3_MB_MUXF7_160
INFO: [VRFC 10-311] analyzing module microblaze_v9_5_3_MB_MUXF7_162
INFO: [VRFC 10-311] analyzing module microblaze_v9_5_3_MB_MUXF7_164
INFO: [VRFC 10-311] analyzing module microblaze_v9_5_3_MB_MUXF7_196
INFO: [VRFC 10-311] analyzing module microblaze_v9_5_3_MB_MUXF7_198
INFO: [VRFC 10-311] analyzing module microblaze_v9_5_3_MB_MUXF7_200
INFO: [VRFC 10-311] analyzing module microblaze_v9_5_3_MB_MUXF7_202
INFO: [VRFC 10-311] analyzing module microblaze_v9_5_3_MB_MUXF7_204
INFO: [VRFC 10-311] analyzing module microblaze_v9_5_3_MB_MUXF7_206
INFO: [VRFC 10-311] analyzing module microblaze_v9_5_3_MB_MUXF7_208
INFO: [VRFC 10-311] analyzing module microblaze_v9_5_3_MB_MUXF7_210
INFO: [VRFC 10-311] analyzing module microblaze_v9_5_3_MB_MUXF7_212
INFO: [VRFC 10-311] analyzing module microblaze_v9_5_3_MB_MUXF7_214
INFO: [VRFC 10-311] analyzing module microblaze_v9_5_3_MB_MUXF7_216
INFO: [VRFC 10-311] analyzing module microblaze_v9_5_3_MB_MUXF7_218
INFO: [VRFC 10-311] analyzing module microblaze_v9_5_3_MB_MUXF7_220
INFO: [VRFC 10-311] analyzing module microblaze_v9_5_3_MB_MUXF7_222
INFO: [VRFC 10-311] analyzing module microblaze_v9_5_3_MB_MUXF7_224
INFO: [VRFC 10-311] analyzing module microblaze_v9_5_3_MB_MUXF7_226
INFO: [VRFC 10-311] analyzing module microblaze_v9_5_3_MB_MUXF7_228
INFO: [VRFC 10-311] analyzing module microblaze_v9_5_3_MB_MUXF7_230
INFO: [VRFC 10-311] analyzing module microblaze_v9_5_3_MB_MUXF7_232
INFO: [VRFC 10-311] analyzing module microblaze_v9_5_3_MB_MUXF7_234
INFO: [VRFC 10-311] analyzing module microblaze_v9_5_3_MB_MUXF7_236
INFO: [VRFC 10-311] analyzing module microblaze_v9_5_3_MB_MUXF7_238
INFO: [VRFC 10-311] analyzing module microblaze_v9_5_3_MB_MUXF7_240
INFO: [VRFC 10-311] analyzing module microblaze_v9_5_3_MB_MUXF7_242
INFO: [VRFC 10-311] analyzing module microblaze_v9_5_3_MB_MUXF7_244
INFO: [VRFC 10-311] analyzing module microblaze_v9_5_3_MB_MUXF7_246
INFO: [VRFC 10-311] analyzing module microblaze_v9_5_3_MB_MUXF7_248
INFO: [VRFC 10-311] analyzing module microblaze_v9_5_3_MB_MUXF7_250
INFO: [VRFC 10-311] analyzing module microblaze_v9_5_3_MB_MUXF7_252
INFO: [VRFC 10-311] analyzing module microblaze_v9_5_3_MB_MUXF7_254
INFO: [VRFC 10-311] analyzing module microblaze_v9_5_3_MB_MUXF7_256
INFO: [VRFC 10-311] analyzing module microblaze_v9_5_3_MB_MUXF7_258
INFO: [VRFC 10-311] analyzing module microblaze_v9_5_3_MB_MUXF7_353
INFO: [VRFC 10-311] analyzing module microblaze_v9_5_3_MB_MUXF7_354
INFO: [VRFC 10-311] analyzing module microblaze_v9_5_3_MB_MUXF7_355
INFO: [VRFC 10-311] analyzing module microblaze_v9_5_3_MB_MUXF7_356
INFO: [VRFC 10-311] analyzing module microblaze_v9_5_3_MB_MUXF7_357
INFO: [VRFC 10-311] analyzing module microblaze_v9_5_3_MB_MUXF7_358
INFO: [VRFC 10-311] analyzing module microblaze_v9_5_3_MB_MUXF7_359
INFO: [VRFC 10-311] analyzing module microblaze_v9_5_3_MB_MUXF7_360
INFO: [VRFC 10-311] analyzing module microblaze_v9_5_3_MB_MUXF7_361
INFO: [VRFC 10-311] analyzing module microblaze_v9_5_3_MB_MUXF7_362
INFO: [VRFC 10-311] analyzing module microblaze_v9_5_3_MB_MUXF7_363
INFO: [VRFC 10-311] analyzing module microblaze_v9_5_3_MB_MUXF7_364
INFO: [VRFC 10-311] analyzing module microblaze_v9_5_3_MB_MUXF7_365
INFO: [VRFC 10-311] analyzing module microblaze_v9_5_3_MB_MUXF7_366
INFO: [VRFC 10-311] analyzing module microblaze_v9_5_3_MB_MUXF7_367
INFO: [VRFC 10-311] analyzing module microblaze_v9_5_3_MB_MUXF7_368
INFO: [VRFC 10-311] analyzing module microblaze_v9_5_3_MB_MUXF7_369
INFO: [VRFC 10-311] analyzing module microblaze_v9_5_3_MB_MUXF7_370
INFO: [VRFC 10-311] analyzing module microblaze_v9_5_3_MB_MUXF7_371
INFO: [VRFC 10-311] analyzing module microblaze_v9_5_3_MB_MUXF7_372
INFO: [VRFC 10-311] analyzing module microblaze_v9_5_3_MB_MUXF7_373
INFO: [VRFC 10-311] analyzing module microblaze_v9_5_3_MB_MUXF7_374
INFO: [VRFC 10-311] analyzing module microblaze_v9_5_3_MB_MUXF7_375
INFO: [VRFC 10-311] analyzing module microblaze_v9_5_3_MB_MUXF7_376
INFO: [VRFC 10-311] analyzing module microblaze_v9_5_3_MB_MUXF7_377
INFO: [VRFC 10-311] analyzing module microblaze_v9_5_3_MB_MUXF7_378
INFO: [VRFC 10-311] analyzing module microblaze_v9_5_3_MB_MUXF7_379
INFO: [VRFC 10-311] analyzing module microblaze_v9_5_3_MB_MUXF7_380
INFO: [VRFC 10-311] analyzing module microblaze_v9_5_3_MB_MUXF7_381
INFO: [VRFC 10-311] analyzing module microblaze_v9_5_3_MB_MUXF7_382
INFO: [VRFC 10-311] analyzing module microblaze_v9_5_3_MB_MUXF7_383
INFO: [VRFC 10-311] analyzing module microblaze_v9_5_3_MB_MUXF7_384
INFO: [VRFC 10-311] analyzing module microblaze_v9_5_3_MB_MUXF7_80
INFO: [VRFC 10-311] analyzing module microblaze_v9_5_3_MB_MUXF7_82
INFO: [VRFC 10-311] analyzing module microblaze_v9_5_3_MB_MUXF7_84
INFO: [VRFC 10-311] analyzing module microblaze_v9_5_3_MB_MUXF7_86
INFO: [VRFC 10-311] analyzing module microblaze_v9_5_3_MB_MUXF7_88
INFO: [VRFC 10-311] analyzing module microblaze_v9_5_3_MB_MUXF7_90
INFO: [VRFC 10-311] analyzing module microblaze_v9_5_3_MB_MUXF7_92
INFO: [VRFC 10-311] analyzing module microblaze_v9_5_3_MB_MUXF7_94
INFO: [VRFC 10-311] analyzing module microblaze_v9_5_3_MB_MUXF7_96
INFO: [VRFC 10-311] analyzing module microblaze_v9_5_3_MB_MUXF7_98
INFO: [VRFC 10-311] analyzing module microblaze_v9_5_3_carry_and
INFO: [VRFC 10-311] analyzing module microblaze_v9_5_3_carry_and_25
INFO: [VRFC 10-311] analyzing module microblaze_v9_5_3_carry_and_26
INFO: [VRFC 10-311] analyzing module microblaze_v9_5_3_carry_and_27
INFO: [VRFC 10-311] analyzing module microblaze_v9_5_3_carry_and_28
INFO: [VRFC 10-311] analyzing module microblaze_v9_5_3_carry_and_29
INFO: [VRFC 10-311] analyzing module microblaze_v9_5_3_carry_and_30
INFO: [VRFC 10-311] analyzing module microblaze_v9_5_3_carry_and_31
INFO: [VRFC 10-311] analyzing module microblaze_v9_5_3_carry_and_32
INFO: [VRFC 10-311] analyzing module microblaze_v9_5_3_carry_and_33
INFO: [VRFC 10-311] analyzing module microblaze_v9_5_3_carry_and_46
INFO: [VRFC 10-311] analyzing module microblaze_v9_5_3_carry_and_47
INFO: [VRFC 10-311] analyzing module microblaze_v9_5_3_carry_and_48
INFO: [VRFC 10-311] analyzing module microblaze_v9_5_3_carry_and_49
INFO: [VRFC 10-311] analyzing module microblaze_v9_5_3_carry_or
INFO: [VRFC 10-311] analyzing module microblaze_v9_5_3_carry_or_50
INFO: [VRFC 10-311] analyzing module msr_reg_gti
INFO: [VRFC 10-311] analyzing module mux_bus
INFO: [VRFC 10-311] analyzing module proc_sys_reset
INFO: [VRFC 10-311] analyzing module sequence_psr
INFO: [VRFC 10-311] analyzing module slave_attachment
INFO: [VRFC 10-311] analyzing module slave_attachment_518
INFO: [VRFC 10-311] analyzing module slave_attachment__parameterized0
INFO: [VRFC 10-311] analyzing module srl_fifo_f
INFO: [VRFC 10-311] analyzing module srl_fifo_f_511
INFO: [VRFC 10-311] analyzing module srl_fifo_rbu_f
INFO: [VRFC 10-311] analyzing module srl_fifo_rbu_f_512
INFO: [VRFC 10-311] analyzing module uartlite_core
INFO: [VRFC 10-311] analyzing module uartlite_rx
INFO: [VRFC 10-311] analyzing module uartlite_tx
INFO: [VRFC 10-311] analyzing module upcnt_n
INFO: [VRFC 10-311] analyzing module glbl
INFO: [VRFC 10-2263] Analyzing Verilog file "C:/workspace/Arty_DigiLED/Arty_DigiLED.srcs/sim_1/new/tb.v" into library xil_defaultlib
INFO: [VRFC 10-311] analyzing module tb
