Vivado Simulator 2015.4
Copyright 1986-1999, 2001-2015 Xilinx, Inc. All Rights Reserved.
Running: C:/Xilinx/Vivado/2015.4/bin/unwrapped/win64.o/xelab.exe -wto c319e07bfa13440ebfd29b029d48c75e --debug typical --relax --mt 2 -L xil_defaultlib -L unisims_ver -L secureip --snapshot tb_func_synth xil_defaultlib.tb xil_defaultlib.glbl -log elaborate.log 
Using 2 slave threads.
Starting static elaboration
Completed static elaboration
Starting simulation data flow analysis
Completed simulation data flow analysis
Time Resolution for simulation is 1ps
Compiling module unisims_ver.GND
Compiling module unisims_ver.LUT6
Compiling module unisims_ver.LUT5
Compiling module unisims_ver.x_lut2_mux4
Compiling module unisims_ver.LUT2
Compiling module unisims_ver.x_lut3_mux4
Compiling module unisims_ver.x_lut3_mux4_reduced_0
Compiling module unisims_ver.LUT3
Compiling module unisims_ver.LUT4
Compiling module unisims_ver.CARRY4
Compiling module unisims_ver.DSP48E1(ACASCREG=0,ALUMODEREG=0,...
Compiling module unisims_ver.x_lut1_mux2
Compiling module unisims_ver.LUT1
Compiling module unisims_ver.DSP48E1(ALUMODEREG=0,BCASCREG=0,...
Compiling module xil_defaultlib.HSV_to_RGB
Compiling module unisims_ver.sffsrce_fdre
Compiling module unisims_ver.FDRE
Compiling module unisims_ver.RAM32M
Compiling module unisims_ver.ffsrce_fdce
Compiling module unisims_ver.FDCE
Compiling module xil_defaultlib.led_driver
Compiling module xil_defaultlib.DigiLED_v1_0_S00_AXI
Compiling module xil_defaultlib.DigiLED_v1_0
Compiling module xil_defaultlib.design_1_DigiLED_0_0
Compiling module xil_defaultlib.address_decoder_519
Compiling module xil_defaultlib.slave_attachment_518
Compiling module xil_defaultlib.axi_lite_ipif_515
Compiling module unisims_ver.VCC
Compiling module xil_defaultlib.cdc_sync_517
Compiling module unisims_ver.sffsrce_fdse
Compiling module unisims_ver.FDSE
Compiling module xil_defaultlib.GPIO_Core_516
Compiling module xil_defaultlib.axi_gpio__2
Compiling module xil_defaultlib.design_1_axi_gpio_0_3
Compiling module xil_defaultlib.address_decoder
Compiling module xil_defaultlib.slave_attachment
Compiling module xil_defaultlib.axi_lite_ipif
Compiling module xil_defaultlib.cdc_sync
Compiling module xil_defaultlib.GPIO_Core
Compiling module xil_defaultlib.axi_gpio
Compiling module xil_defaultlib.design_1_axi_gpio_1_2
Compiling module xil_defaultlib.address_decoder__parameterized0
Compiling module xil_defaultlib.slave_attachment__parameterized0
Compiling module xil_defaultlib.axi_lite_ipif__parameterized0
Compiling module xil_defaultlib.baudrate
Compiling module unisims_ver.SRL16E
Compiling module xil_defaultlib.dynshreg_i_f
Compiling module xil_defaultlib.cdc_sync__parameterized0
Compiling module xil_defaultlib.cntr_incr_decr_addn_f_513
Compiling module xil_defaultlib.dynshreg_f_514
Compiling module xil_defaultlib.srl_fifo_rbu_f_512
Compiling module xil_defaultlib.srl_fifo_f_511
Compiling module xil_defaultlib.uartlite_rx
Compiling module xil_defaultlib.dynshreg_i_f__parameterized0
Compiling module xil_defaultlib.cntr_incr_decr_addn_f
Compiling module unisims_ver.MUXF7
Compiling module xil_defaultlib.dynshreg_f
Compiling module xil_defaultlib.srl_fifo_rbu_f
Compiling module xil_defaultlib.srl_fifo_f
Compiling module xil_defaultlib.uartlite_tx
Compiling module xil_defaultlib.uartlite_core
Compiling module xil_defaultlib.axi_uartlite
Compiling module xil_defaultlib.design_1_axi_uartlite_0_0
Compiling module unisims_ver.BUFG
Compiling module unisims_ver.IBUF
Compiling module unisims_ver.MMCME2_ADV(CLKFBOUT_MULT_F=10.0,...
Compiling module xil_defaultlib.design_1_clk_wiz_1_0_clk_wiz
Compiling module xil_defaultlib.design_1_clk_wiz_1_0
Compiling module unisims_ver.ffsrce_fdpe
Compiling module unisims_ver.FDPE
Compiling module unisims_ver.FDCE(IS_C_INVERTED=1'b1)
Compiling module unisims_ver.FDRE(IS_C_INVERTED=1'b1)
Compiling module xil_defaultlib.JTAG_CONTROL
Compiling module xil_defaultlib.MDM_Core
Compiling module unisims_ver.BSCANE2(JTAG_CHAIN=2)
Compiling module xil_defaultlib.MDM
Compiling module xil_defaultlib.design_1_mdm_1_0
Compiling module xil_defaultlib.MB_LUT4
Compiling module xil_defaultlib.microblaze_v9_5_3_MB_LUT6__param...
Compiling module xil_defaultlib.MB_MULT_AND
Compiling module xil_defaultlib.MB_MUXCY_XORCY_509
Compiling module xil_defaultlib.microblaze_v9_5_3_MB_MUXCY_510
Compiling module xil_defaultlib.ALU_Bit__parameterized31
Compiling module unisims_ver.LUT6_2(INIT=64'b0110000001111010...
Compiling module xil_defaultlib.MB_LUT6_2_507
Compiling module xil_defaultlib.MB_MUXCY_XORCY_508
Compiling module xil_defaultlib.ALU_Bit
Compiling module xil_defaultlib.MB_LUT6_2_505
Compiling module xil_defaultlib.MB_MUXCY_XORCY_506
Compiling module xil_defaultlib.ALU_Bit_417
Compiling module xil_defaultlib.MB_LUT6_2_503
Compiling module xil_defaultlib.MB_MUXCY_XORCY_504
Compiling module xil_defaultlib.ALU_Bit_418
Compiling module xil_defaultlib.MB_LUT6_2_501
Compiling module xil_defaultlib.MB_MUXCY_XORCY_502
Compiling module xil_defaultlib.ALU_Bit_419
Compiling module xil_defaultlib.MB_LUT6_2_499
Compiling module xil_defaultlib.MB_MUXCY_XORCY_500
Compiling module xil_defaultlib.ALU_Bit_420
Compiling module xil_defaultlib.MB_LUT6_2_497
Compiling module xil_defaultlib.MB_MUXCY_XORCY_498
Compiling module xil_defaultlib.ALU_Bit_421
Compiling module xil_defaultlib.MB_LUT6_2_495
Compiling module xil_defaultlib.MB_MUXCY_XORCY_496
Compiling module xil_defaultlib.ALU_Bit_422
Compiling module xil_defaultlib.MB_LUT6_2_493
Compiling module xil_defaultlib.MB_MUXCY_XORCY_494
Compiling module xil_defaultlib.ALU_Bit_423
Compiling module xil_defaultlib.MB_LUT6_2_491
Compiling module xil_defaultlib.MB_MUXCY_XORCY_492
Compiling module xil_defaultlib.ALU_Bit_424
Compiling module xil_defaultlib.MB_LUT6_2_489
Compiling module xil_defaultlib.MB_MUXCY_XORCY_490
Compiling module xil_defaultlib.ALU_Bit_425
Compiling module xil_defaultlib.MB_LUT6_2_487
Compiling module xil_defaultlib.MB_MUXCY_XORCY_488
Compiling module xil_defaultlib.ALU_Bit_426
Compiling module xil_defaultlib.MB_LUT6_2_485
Compiling module xil_defaultlib.MB_MUXCY_XORCY_486
Compiling module xil_defaultlib.ALU_Bit_427
Compiling module xil_defaultlib.MB_LUT6_2_483
Compiling module xil_defaultlib.MB_MUXCY_XORCY_484
Compiling module xil_defaultlib.ALU_Bit_428
Compiling module xil_defaultlib.MB_LUT6_2_481
Compiling module xil_defaultlib.MB_MUXCY_XORCY_482
Compiling module xil_defaultlib.ALU_Bit_429
Compiling module xil_defaultlib.MB_LUT6_2_479
Compiling module xil_defaultlib.MB_MUXCY_XORCY_480
Compiling module xil_defaultlib.ALU_Bit_430
Compiling module xil_defaultlib.MB_LUT6_2_477
Compiling module xil_defaultlib.MB_MUXCY_XORCY_478
Compiling module xil_defaultlib.ALU_Bit_431
Compiling module xil_defaultlib.MB_LUT6_2_475
Compiling module xil_defaultlib.MB_MUXCY_XORCY_476
Compiling module xil_defaultlib.ALU_Bit_432
Compiling module xil_defaultlib.MB_LUT6_2_473
Compiling module xil_defaultlib.MB_MUXCY_XORCY_474
Compiling module xil_defaultlib.ALU_Bit_433
Compiling module xil_defaultlib.MB_LUT6_2_471
Compiling module xil_defaultlib.MB_MUXCY_XORCY_472
Compiling module xil_defaultlib.ALU_Bit_434
Compiling module xil_defaultlib.MB_LUT6_2_469
Compiling module xil_defaultlib.MB_MUXCY_XORCY_470
Compiling module xil_defaultlib.ALU_Bit_435
Compiling module xil_defaultlib.MB_LUT6_2_467
Compiling module xil_defaultlib.MB_MUXCY_XORCY_468
Compiling module xil_defaultlib.ALU_Bit_436
Compiling module xil_defaultlib.MB_LUT6_2_465
Compiling module xil_defaultlib.MB_MUXCY_XORCY_466
Compiling module xil_defaultlib.ALU_Bit_437
Compiling module xil_defaultlib.MB_LUT6_2_463
Compiling module xil_defaultlib.MB_MUXCY_XORCY_464
Compiling module xil_defaultlib.ALU_Bit_438
Compiling module xil_defaultlib.MB_LUT6_2_461
Compiling module xil_defaultlib.MB_MUXCY_XORCY_462
Compiling module xil_defaultlib.ALU_Bit_439
Compiling module xil_defaultlib.MB_LUT6_2_459
Compiling module xil_defaultlib.MB_MUXCY_XORCY_460
Compiling module xil_defaultlib.ALU_Bit_440
Compiling module xil_defaultlib.MB_LUT6_2_457
Compiling module xil_defaultlib.MB_MUXCY_XORCY_458
Compiling module xil_defaultlib.ALU_Bit_441
Compiling module xil_defaultlib.MB_LUT6_2_455
Compiling module xil_defaultlib.MB_MUXCY_XORCY_456
Compiling module xil_defaultlib.ALU_Bit_442
Compiling module xil_defaultlib.MB_LUT6_2_453
Compiling module xil_defaultlib.MB_MUXCY_XORCY_454
Compiling module xil_defaultlib.ALU_Bit_443
Compiling module xil_defaultlib.MB_LUT6_2_451
Compiling module xil_defaultlib.MB_MUXCY_XORCY_452
Compiling module xil_defaultlib.ALU_Bit_444
Compiling module xil_defaultlib.MB_LUT6_2_449
Compiling module xil_defaultlib.MB_MUXCY_XORCY_450
Compiling module xil_defaultlib.ALU_Bit_445
Compiling module xil_defaultlib.MB_LUT6_2
Compiling module xil_defaultlib.MB_MUXCY_XORCY_448
Compiling module xil_defaultlib.ALU_Bit_446
Compiling module xil_defaultlib.microblaze_v9_5_3_MB_MUXCY_447
Compiling module xil_defaultlib.ALU
Compiling module xil_defaultlib.Byte_Doublet_Handle_gti
Compiling module xil_defaultlib.microblaze_v9_5_3_MB_FDRE_385
Compiling module xil_defaultlib.microblaze_v9_5_3_MB_FDRE_386
Compiling module xil_defaultlib.microblaze_v9_5_3_MB_FDRE_387
Compiling module xil_defaultlib.microblaze_v9_5_3_MB_FDRE_388
Compiling module xil_defaultlib.microblaze_v9_5_3_MB_FDRE_389
Compiling module xil_defaultlib.microblaze_v9_5_3_MB_FDRE_390
Compiling module xil_defaultlib.microblaze_v9_5_3_MB_FDRE_391
Compiling module xil_defaultlib.microblaze_v9_5_3_MB_FDRE_392
Compiling module xil_defaultlib.microblaze_v9_5_3_MB_FDRE_393
Compiling module xil_defaultlib.microblaze_v9_5_3_MB_FDRE_394
Compiling module xil_defaultlib.microblaze_v9_5_3_MB_FDRE_395
Compiling module xil_defaultlib.microblaze_v9_5_3_MB_FDRE_396
Compiling module xil_defaultlib.microblaze_v9_5_3_MB_FDRE_397
Compiling module xil_defaultlib.microblaze_v9_5_3_MB_FDRE_398
Compiling module xil_defaultlib.microblaze_v9_5_3_MB_FDRE_399
Compiling module xil_defaultlib.microblaze_v9_5_3_MB_FDRE_400
Compiling module xil_defaultlib.microblaze_v9_5_3_MB_FDRE_401
Compiling module xil_defaultlib.microblaze_v9_5_3_MB_FDRE_402
Compiling module xil_defaultlib.microblaze_v9_5_3_MB_FDRE_403
Compiling module xil_defaultlib.microblaze_v9_5_3_MB_FDRE_404
Compiling module xil_defaultlib.microblaze_v9_5_3_MB_FDRE_405
Compiling module xil_defaultlib.microblaze_v9_5_3_MB_FDRE_406
Compiling module xil_defaultlib.microblaze_v9_5_3_MB_FDRE_407
Compiling module xil_defaultlib.microblaze_v9_5_3_MB_FDRE_408
Compiling module xil_defaultlib.microblaze_v9_5_3_MB_FDRE_409
Compiling module xil_defaultlib.microblaze_v9_5_3_MB_FDRE_410
Compiling module xil_defaultlib.microblaze_v9_5_3_MB_FDRE_411
Compiling module xil_defaultlib.microblaze_v9_5_3_MB_FDRE_412
Compiling module xil_defaultlib.microblaze_v9_5_3_MB_FDRE_413
Compiling module xil_defaultlib.microblaze_v9_5_3_MB_FDRE_414
Compiling module xil_defaultlib.microblaze_v9_5_3_MB_FDRE_415
Compiling module xil_defaultlib.microblaze_v9_5_3_MB_FDRE_416
Compiling module xil_defaultlib.Data_Flow_Logic
Compiling module xil_defaultlib.microblaze_v9_5_3_MB_MUXF7_353
Compiling module xil_defaultlib.microblaze_v9_5_3_MB_MUXF7_354
Compiling module xil_defaultlib.microblaze_v9_5_3_MB_MUXF7_355
Compiling module xil_defaultlib.microblaze_v9_5_3_MB_MUXF7_356
Compiling module xil_defaultlib.microblaze_v9_5_3_MB_MUXF7_357
Compiling module xil_defaultlib.microblaze_v9_5_3_MB_MUXF7_358
Compiling module xil_defaultlib.microblaze_v9_5_3_MB_MUXF7_359
Compiling module xil_defaultlib.microblaze_v9_5_3_MB_MUXF7_360
Compiling module xil_defaultlib.microblaze_v9_5_3_MB_MUXF7_361
Compiling module xil_defaultlib.microblaze_v9_5_3_MB_MUXF7_362
Compiling module xil_defaultlib.microblaze_v9_5_3_MB_MUXF7_363
Compiling module xil_defaultlib.microblaze_v9_5_3_MB_MUXF7_364
Compiling module xil_defaultlib.microblaze_v9_5_3_MB_MUXF7_365
Compiling module xil_defaultlib.microblaze_v9_5_3_MB_MUXF7_366
Compiling module xil_defaultlib.microblaze_v9_5_3_MB_MUXF7_367
Compiling module xil_defaultlib.microblaze_v9_5_3_MB_MUXF7_368
Compiling module xil_defaultlib.microblaze_v9_5_3_MB_MUXF7_369
Compiling module xil_defaultlib.microblaze_v9_5_3_MB_MUXF7_370
Compiling module xil_defaultlib.microblaze_v9_5_3_MB_MUXF7_371
Compiling module xil_defaultlib.microblaze_v9_5_3_MB_MUXF7_372
Compiling module xil_defaultlib.microblaze_v9_5_3_MB_MUXF7_373
Compiling module xil_defaultlib.microblaze_v9_5_3_MB_MUXF7_374
Compiling module xil_defaultlib.microblaze_v9_5_3_MB_MUXF7_375
Compiling module xil_defaultlib.microblaze_v9_5_3_MB_MUXF7_376
Compiling module xil_defaultlib.microblaze_v9_5_3_MB_MUXF7_377
Compiling module xil_defaultlib.microblaze_v9_5_3_MB_MUXF7_378
Compiling module xil_defaultlib.microblaze_v9_5_3_MB_MUXF7_379
Compiling module xil_defaultlib.microblaze_v9_5_3_MB_MUXF7_380
Compiling module xil_defaultlib.microblaze_v9_5_3_MB_MUXF7_381
Compiling module xil_defaultlib.microblaze_v9_5_3_MB_MUXF7_382
Compiling module xil_defaultlib.microblaze_v9_5_3_MB_MUXF7_383
Compiling module xil_defaultlib.microblaze_v9_5_3_MB_MUXF7_384
Compiling module xil_defaultlib.Operand_Select_gti
Compiling module xil_defaultlib.MB_RAM32M
Compiling module xil_defaultlib.MB_RAM32M_338
Compiling module xil_defaultlib.MB_RAM32M_339
Compiling module xil_defaultlib.MB_RAM32M_340
Compiling module xil_defaultlib.MB_RAM32M_341
Compiling module xil_defaultlib.MB_RAM32M_342
Compiling module xil_defaultlib.MB_RAM32M_343
Compiling module xil_defaultlib.MB_RAM32M_344
Compiling module xil_defaultlib.MB_RAM32M_345
Compiling module xil_defaultlib.MB_RAM32M_346
Compiling module xil_defaultlib.MB_RAM32M_347
Compiling module xil_defaultlib.MB_RAM32M_348
Compiling module xil_defaultlib.MB_RAM32M_349
Compiling module xil_defaultlib.MB_RAM32M_350
Compiling module xil_defaultlib.MB_RAM32M_351
Compiling module xil_defaultlib.MB_RAM32M_352
Compiling module xil_defaultlib.Register_File_gti
Compiling module xil_defaultlib.Shift_Logic_Module_gti
Compiling module xil_defaultlib.microblaze_v9_5_3_MB_MUXCY_259
Compiling module xil_defaultlib.microblaze_v9_5_3_MB_MUXCY_260
Compiling module unisims_ver.LUT6_2(INIT=64'b0111111110000000...
Compiling module xil_defaultlib.MB_LUT6_2__parameterized1
Compiling module xil_defaultlib.microblaze_v9_5_3_MB_MUXCY_331
Compiling module xil_defaultlib.microblaze_v9_5_3_MB_MUXCY_332
Compiling module xil_defaultlib.microblaze_v9_5_3_MB_MUXCY_333
Compiling module xil_defaultlib.microblaze_v9_5_3_MB_MUXCY_334
Compiling module xil_defaultlib.microblaze_v9_5_3_MB_MUXCY_335
Compiling module xil_defaultlib.microblaze_v9_5_3_MB_MUXCY_336
Compiling module xil_defaultlib.microblaze_v9_5_3_MB_MUXCY_337
Compiling module xil_defaultlib.Zero_Detect_gti
Compiling module xil_defaultlib.microblaze_v9_5_3_MB_MUXCY_267
Compiling module unisims_ver.LUT6_2(INIT=64'b1001011010010110...
Compiling module xil_defaultlib.MB_LUT6_2__parameterized97
Compiling module xil_defaultlib.MB_MUXCY_XORCY_268
Compiling module xil_defaultlib.MB_FDE
Compiling module xil_defaultlib.MB_LUT6_2__parameterized77
Compiling module xil_defaultlib.MB_MUXCY_XORCY_269
Compiling module xil_defaultlib.MB_FDE_270
Compiling module xil_defaultlib.MB_LUT6_2__parameterized75
Compiling module xil_defaultlib.MB_MUXCY_XORCY_271
Compiling module xil_defaultlib.MB_FDE_272
Compiling module xil_defaultlib.MB_LUT6_2__parameterized73
Compiling module xil_defaultlib.MB_MUXCY_XORCY_273
Compiling module xil_defaultlib.MB_FDE_274
Compiling module xil_defaultlib.MB_LUT6_2__parameterized71
Compiling module xil_defaultlib.MB_MUXCY_XORCY_275
Compiling module xil_defaultlib.MB_FDE_276
Compiling module xil_defaultlib.MB_LUT6_2__parameterized69
Compiling module xil_defaultlib.MB_MUXCY_XORCY_277
Compiling module xil_defaultlib.MB_FDE_278
Compiling module xil_defaultlib.MB_LUT6_2__parameterized67
Compiling module xil_defaultlib.MB_MUXCY_XORCY_279
Compiling module xil_defaultlib.MB_FDE_280
Compiling module xil_defaultlib.MB_LUT6_2__parameterized65
Compiling module xil_defaultlib.MB_MUXCY_XORCY_281
Compiling module xil_defaultlib.MB_FDE_282
Compiling module xil_defaultlib.MB_LUT6_2__parameterized63
Compiling module xil_defaultlib.MB_MUXCY_XORCY_283
Compiling module xil_defaultlib.MB_FDE_284
Compiling module xil_defaultlib.MB_LUT6_2__parameterized61
Compiling module xil_defaultlib.MB_MUXCY_XORCY_285
Compiling module xil_defaultlib.MB_FDE_286
Compiling module xil_defaultlib.MB_LUT6_2__parameterized59
Compiling module xil_defaultlib.MB_MUXCY_XORCY_287
Compiling module xil_defaultlib.MB_FDE_288
Compiling module xil_defaultlib.MB_LUT6_2__parameterized95
Compiling module xil_defaultlib.MB_MUXCY_XORCY_289
Compiling module xil_defaultlib.MB_FDE_290
Compiling module xil_defaultlib.MB_LUT6_2__parameterized57
Compiling module xil_defaultlib.MB_MUXCY_XORCY_291
Compiling module xil_defaultlib.MB_FDE_292
Compiling module xil_defaultlib.MB_LUT6_2__parameterized55
Compiling module xil_defaultlib.MB_MUXCY_XORCY_293
Compiling module xil_defaultlib.MB_FDE_294
Compiling module xil_defaultlib.MB_LUT6_2__parameterized53
Compiling module xil_defaultlib.MB_MUXCY_XORCY_295
Compiling module xil_defaultlib.MB_FDE_296
Compiling module xil_defaultlib.MB_LUT6_2__parameterized51
Compiling module xil_defaultlib.MB_MUXCY_XORCY_297
Compiling module xil_defaultlib.MB_FDE_298
Compiling module xil_defaultlib.MB_LUT6_2__parameterized49
Compiling module xil_defaultlib.MB_MUXCY_XORCY_299
Compiling module xil_defaultlib.MB_FDE_300
Compiling module xil_defaultlib.MB_LUT6_2__parameterized47
Compiling module xil_defaultlib.MB_MUXCY_XORCY_301
Compiling module xil_defaultlib.MB_FDE_302
Compiling module xil_defaultlib.MB_LUT6_2__parameterized45
Compiling module xil_defaultlib.MB_MUXCY_XORCY_303
Compiling module xil_defaultlib.MB_FDE_304
Compiling module xil_defaultlib.MB_LUT6_2__parameterized43
Compiling module xil_defaultlib.MB_MUXCY_XORCY_305
Compiling module xil_defaultlib.MB_FDE_306
Compiling module xil_defaultlib.MB_LUT6_2__parameterized41
Compiling module xil_defaultlib.MB_MUXCY_XORCY_307
Compiling module xil_defaultlib.MB_FDE_308
Compiling module xil_defaultlib.MB_LUT6_2__parameterized39
Compiling module xil_defaultlib.MB_MUXCY_XORCY_309
Compiling module xil_defaultlib.MB_FDE_310
Compiling module xil_defaultlib.MB_LUT6_2__parameterized93
Compiling module xil_defaultlib.MB_MUXCY_XORCY_311
Compiling module xil_defaultlib.MB_FDE_312
Compiling module xil_defaultlib.MB_LUT6_2__parameterized37
Compiling module xil_defaultlib.MB_MUXCY_XORCY_313
Compiling module xil_defaultlib.MB_FDE_314
Compiling module xil_defaultlib.MB_LUT6_2__parameterized35
Compiling module xil_defaultlib.MB_MUXCY_XORCY_315
Compiling module xil_defaultlib.MB_FDE_316
Compiling module xil_defaultlib.MB_LUT6_2__parameterized91
Compiling module xil_defaultlib.MB_MUXCY_XORCY_317
Compiling module xil_defaultlib.MB_FDE_318
Compiling module xil_defaultlib.MB_LUT6_2__parameterized89
Compiling module xil_defaultlib.MB_MUXCY_XORCY_319
Compiling module xil_defaultlib.MB_FDE_320
Compiling module xil_defaultlib.MB_LUT6_2__parameterized87
Compiling module xil_defaultlib.MB_MUXCY_XORCY_321
Compiling module xil_defaultlib.MB_FDE_322
Compiling module xil_defaultlib.MB_LUT6_2__parameterized85
Compiling module xil_defaultlib.MB_MUXCY_XORCY_323
Compiling module xil_defaultlib.MB_FDE_324
Compiling module xil_defaultlib.MB_LUT6_2__parameterized83
Compiling module xil_defaultlib.MB_MUXCY_XORCY_325
Compiling module xil_defaultlib.MB_FDE_326
Compiling module xil_defaultlib.MB_LUT6_2__parameterized81
Compiling module xil_defaultlib.MB_MUXCY_XORCY_327
Compiling module xil_defaultlib.MB_FDE_328
Compiling module xil_defaultlib.MB_LUT6_2__parameterized79
Compiling module xil_defaultlib.MB_MUXCY_XORCY_329
Compiling module xil_defaultlib.MB_FDE_330
Compiling module xil_defaultlib.exception_registers_gti
Compiling module xil_defaultlib.MB_FDR_261
Compiling module xil_defaultlib.MB_FDR_262
Compiling module xil_defaultlib.MB_FDR_263
Compiling module xil_defaultlib.MB_FDR_264
Compiling module xil_defaultlib.MB_FDR_265
Compiling module xil_defaultlib.MB_FDR_266
Compiling module xil_defaultlib.msr_reg_gti
Compiling module xil_defaultlib.Data_Flow_gti
Compiling module xil_defaultlib.MB_MUXCY_XORCY
Compiling module xil_defaultlib.MB_MUXCY_XORCY_166
Compiling module xil_defaultlib.MB_MUXCY_XORCY_167
Compiling module xil_defaultlib.MB_MUXCY_XORCY_168
Compiling module xil_defaultlib.MB_MUXCY_XORCY_169
Compiling module xil_defaultlib.MB_MUXCY_XORCY_170
Compiling module xil_defaultlib.MB_MUXCY_XORCY_171
Compiling module xil_defaultlib.MB_MUXCY_XORCY_172
Compiling module xil_defaultlib.MB_MUXCY_XORCY_173
Compiling module xil_defaultlib.MB_MUXCY_XORCY_174
Compiling module xil_defaultlib.MB_MUXCY_XORCY_175
Compiling module xil_defaultlib.MB_MUXCY_XORCY_176
Compiling module xil_defaultlib.MB_MUXCY_XORCY_177
Compiling module xil_defaultlib.MB_MUXCY_XORCY_178
Compiling module xil_defaultlib.MB_MUXCY_XORCY_179
Compiling module xil_defaultlib.MB_MUXCY_XORCY_180
Compiling module xil_defaultlib.MB_MUXCY_XORCY_181
Compiling module xil_defaultlib.MB_MUXCY_XORCY_182
Compiling module xil_defaultlib.MB_MUXCY_XORCY_183
Compiling module xil_defaultlib.MB_MUXCY_XORCY_184
Compiling module xil_defaultlib.MB_MUXCY_XORCY_185
Compiling module xil_defaultlib.MB_MUXCY_XORCY_186
Compiling module xil_defaultlib.MB_MUXCY_XORCY_187
Compiling module xil_defaultlib.MB_MUXCY_XORCY_188
Compiling module xil_defaultlib.MB_MUXCY_XORCY_189
Compiling module xil_defaultlib.MB_MUXCY_XORCY_190
Compiling module xil_defaultlib.MB_MUXCY_XORCY_191
Compiling module xil_defaultlib.MB_MUXCY_XORCY_192
Compiling module xil_defaultlib.MB_MUXCY_XORCY_193
Compiling module xil_defaultlib.MB_MUXCY_XORCY_194
Compiling module xil_defaultlib.MB_FDR_195
Compiling module xil_defaultlib.microblaze_v9_5_3_MB_MUXF7_196
Compiling module xil_defaultlib.MB_FDR_197
Compiling module xil_defaultlib.microblaze_v9_5_3_MB_MUXF7_198
Compiling module xil_defaultlib.MB_FDR_199
Compiling module xil_defaultlib.microblaze_v9_5_3_MB_MUXF7_200
Compiling module xil_defaultlib.MB_FDR_201
Compiling module xil_defaultlib.microblaze_v9_5_3_MB_MUXF7_202
Compiling module xil_defaultlib.MB_FDR_203
Compiling module xil_defaultlib.microblaze_v9_5_3_MB_MUXF7_204
Compiling module xil_defaultlib.MB_FDR_205
Compiling module xil_defaultlib.microblaze_v9_5_3_MB_MUXF7_206
Compiling module xil_defaultlib.MB_FDR_207
Compiling module xil_defaultlib.microblaze_v9_5_3_MB_MUXF7_208
Compiling module xil_defaultlib.MB_FDR_209
Compiling module xil_defaultlib.microblaze_v9_5_3_MB_MUXF7_210
Compiling module xil_defaultlib.MB_FDR_211
Compiling module xil_defaultlib.microblaze_v9_5_3_MB_MUXF7_212
Compiling module xil_defaultlib.MB_FDR_213
Compiling module xil_defaultlib.microblaze_v9_5_3_MB_MUXF7_214
Compiling module xil_defaultlib.MB_FDR_215
Compiling module xil_defaultlib.microblaze_v9_5_3_MB_MUXF7_216
Compiling module xil_defaultlib.MB_FDR_217
Compiling module xil_defaultlib.microblaze_v9_5_3_MB_MUXF7_218
Compiling module xil_defaultlib.MB_FDR_219
Compiling module xil_defaultlib.microblaze_v9_5_3_MB_MUXF7_220
Compiling module xil_defaultlib.MB_FDR_221
Compiling module xil_defaultlib.microblaze_v9_5_3_MB_MUXF7_222
Compiling module xil_defaultlib.MB_FDR_223
Compiling module xil_defaultlib.microblaze_v9_5_3_MB_MUXF7_224
Compiling module xil_defaultlib.MB_FDR_225
Compiling module xil_defaultlib.microblaze_v9_5_3_MB_MUXF7_226
Compiling module xil_defaultlib.MB_FDR_227
Compiling module xil_defaultlib.microblaze_v9_5_3_MB_MUXF7_228
Compiling module xil_defaultlib.MB_FDR_229
Compiling module xil_defaultlib.microblaze_v9_5_3_MB_MUXF7_230
Compiling module xil_defaultlib.MB_FDR_231
Compiling module xil_defaultlib.microblaze_v9_5_3_MB_MUXF7_232
Compiling module xil_defaultlib.MB_FDR_233
Compiling module xil_defaultlib.microblaze_v9_5_3_MB_MUXF7_234
Compiling module xil_defaultlib.MB_FDR_235
Compiling module xil_defaultlib.microblaze_v9_5_3_MB_MUXF7_236
Compiling module xil_defaultlib.MB_FDR_237
Compiling module xil_defaultlib.microblaze_v9_5_3_MB_MUXF7_238
Compiling module xil_defaultlib.MB_FDR_239
Compiling module xil_defaultlib.microblaze_v9_5_3_MB_MUXF7_240
Compiling module xil_defaultlib.MB_FDR_241
Compiling module xil_defaultlib.microblaze_v9_5_3_MB_MUXF7_242
Compiling module xil_defaultlib.MB_FDR_243
Compiling module xil_defaultlib.microblaze_v9_5_3_MB_MUXF7_244
Compiling module xil_defaultlib.MB_FDR_245
Compiling module xil_defaultlib.microblaze_v9_5_3_MB_MUXF7_246
Compiling module xil_defaultlib.MB_FDR_247
Compiling module xil_defaultlib.microblaze_v9_5_3_MB_MUXF7_248
Compiling module xil_defaultlib.MB_FDR_249
Compiling module xil_defaultlib.microblaze_v9_5_3_MB_MUXF7_250
Compiling module xil_defaultlib.MB_FDR_251
Compiling module xil_defaultlib.microblaze_v9_5_3_MB_MUXF7_252
Compiling module xil_defaultlib.MB_FDR_253
Compiling module xil_defaultlib.microblaze_v9_5_3_MB_MUXF7_254
Compiling module xil_defaultlib.MB_FDR_255
Compiling module xil_defaultlib.microblaze_v9_5_3_MB_MUXF7_256
Compiling module xil_defaultlib.MB_FDR_257
Compiling module xil_defaultlib.microblaze_v9_5_3_MB_MUXF7_258
Compiling module xil_defaultlib.PC_Module_gti
Compiling module xil_defaultlib.MB_FDR_72
Compiling module xil_defaultlib.microblaze_v9_5_3_MB_LUT6
Compiling module xil_defaultlib.MB_FDR_73
Compiling module xil_defaultlib.microblaze_v9_5_3_MB_LUT6_74
Compiling module xil_defaultlib.MB_FDR_75
Compiling module xil_defaultlib.microblaze_v9_5_3_MB_LUT6_76
Compiling module xil_defaultlib.MB_FDR_77
Compiling module xil_defaultlib.microblaze_v9_5_3_MB_LUT6_78
Compiling module xil_defaultlib.microblaze_v9_5_3_MB_LUT6__param...
Compiling module xil_defaultlib.microblaze_v9_5_3_MB_MUXF7
Compiling module xil_defaultlib.MB_FDR_79
Compiling module xil_defaultlib.microblaze_v9_5_3_MB_MUXF7_80
Compiling module xil_defaultlib.MB_FDR_81
Compiling module xil_defaultlib.microblaze_v9_5_3_MB_MUXF7_82
Compiling module xil_defaultlib.MB_FDR_83
Compiling module xil_defaultlib.microblaze_v9_5_3_MB_MUXF7_84
Compiling module xil_defaultlib.MB_FDR_85
Compiling module xil_defaultlib.microblaze_v9_5_3_MB_MUXF7_86
Compiling module xil_defaultlib.MB_FDR_87
Compiling module xil_defaultlib.microblaze_v9_5_3_MB_MUXF7_88
Compiling module xil_defaultlib.MB_FDR_89
Compiling module xil_defaultlib.microblaze_v9_5_3_MB_MUXF7_90
Compiling module xil_defaultlib.MB_FDR_91
Compiling module xil_defaultlib.microblaze_v9_5_3_MB_MUXF7_92
Compiling module xil_defaultlib.MB_FDR_93
Compiling module xil_defaultlib.microblaze_v9_5_3_MB_MUXF7_94
Compiling module xil_defaultlib.MB_FDR_95
Compiling module xil_defaultlib.microblaze_v9_5_3_MB_MUXF7_96
Compiling module xil_defaultlib.MB_FDR_97
Compiling module xil_defaultlib.microblaze_v9_5_3_MB_MUXF7_98
Compiling module xil_defaultlib.MB_FDR_99
Compiling module xil_defaultlib.microblaze_v9_5_3_MB_MUXF7_100
Compiling module xil_defaultlib.MB_FDR_101
Compiling module xil_defaultlib.microblaze_v9_5_3_MB_MUXF7_102
Compiling module xil_defaultlib.MB_FDR_103
Compiling module xil_defaultlib.microblaze_v9_5_3_MB_MUXF7_104
Compiling module xil_defaultlib.MB_FDR_105
Compiling module xil_defaultlib.microblaze_v9_5_3_MB_MUXF7_106
Compiling module xil_defaultlib.MB_FDR_107
Compiling module xil_defaultlib.microblaze_v9_5_3_MB_MUXF7_108
Compiling module xil_defaultlib.MB_FDR_109
Compiling module xil_defaultlib.microblaze_v9_5_3_MB_MUXF7_110
Compiling module xil_defaultlib.MB_FDR_111
Compiling module xil_defaultlib.microblaze_v9_5_3_MB_MUXF7_112
Compiling module xil_defaultlib.MB_FDR_113
Compiling module xil_defaultlib.microblaze_v9_5_3_MB_MUXF7_114
Compiling module xil_defaultlib.MB_FDR_115
Compiling module xil_defaultlib.microblaze_v9_5_3_MB_MUXF7_116
Compiling module xil_defaultlib.MB_FDR_117
Compiling module xil_defaultlib.microblaze_v9_5_3_MB_MUXF7_118
Compiling module xil_defaultlib.MB_FDR_119
Compiling module xil_defaultlib.microblaze_v9_5_3_MB_MUXF7_120
Compiling module xil_defaultlib.MB_FDR_121
Compiling module xil_defaultlib.microblaze_v9_5_3_MB_MUXF7_122
Compiling module xil_defaultlib.MB_FDR_123
Compiling module xil_defaultlib.microblaze_v9_5_3_MB_MUXF7_124
Compiling module xil_defaultlib.MB_FDR_125
Compiling module xil_defaultlib.microblaze_v9_5_3_MB_MUXF7_126
Compiling module xil_defaultlib.MB_FDR_127
Compiling module xil_defaultlib.microblaze_v9_5_3_MB_MUXF7_128
Compiling module xil_defaultlib.MB_FDR_129
Compiling module xil_defaultlib.microblaze_v9_5_3_MB_MUXF7_130
Compiling module xil_defaultlib.MB_FDR_131
Compiling module xil_defaultlib.microblaze_v9_5_3_MB_MUXF7_132
Compiling module xil_defaultlib.MB_FDR_133
Compiling module xil_defaultlib.microblaze_v9_5_3_MB_MUXF7_134
Compiling module xil_defaultlib.MB_FDR_135
Compiling module xil_defaultlib.microblaze_v9_5_3_MB_MUXF7_136
Compiling module xil_defaultlib.MB_FDR_137
Compiling module xil_defaultlib.microblaze_v9_5_3_MB_MUXF7_138
Compiling module xil_defaultlib.MB_FDR_139
Compiling module xil_defaultlib.microblaze_v9_5_3_MB_MUXF7_140
Compiling module xil_defaultlib.MB_FDR_141
Compiling module xil_defaultlib.microblaze_v9_5_3_MB_MUXF7_142
Compiling module xil_defaultlib.MB_FDR_143
Compiling module xil_defaultlib.microblaze_v9_5_3_MB_MUXF7_144
Compiling module xil_defaultlib.MB_FDR_145
Compiling module xil_defaultlib.microblaze_v9_5_3_MB_MUXF7_146
Compiling module xil_defaultlib.MB_FDR_147
Compiling module xil_defaultlib.microblaze_v9_5_3_MB_MUXF7_148
Compiling module xil_defaultlib.MB_FDR_149
Compiling module xil_defaultlib.microblaze_v9_5_3_MB_MUXF7_150
Compiling module xil_defaultlib.MB_FDR_151
Compiling module xil_defaultlib.microblaze_v9_5_3_MB_MUXF7_152
Compiling module xil_defaultlib.MB_FDR_153
Compiling module xil_defaultlib.microblaze_v9_5_3_MB_MUXF7_154
Compiling module xil_defaultlib.MB_FDR_155
Compiling module xil_defaultlib.microblaze_v9_5_3_MB_MUXF7_156
Compiling module xil_defaultlib.MB_FDR_157
Compiling module xil_defaultlib.microblaze_v9_5_3_MB_MUXF7_158
Compiling module xil_defaultlib.MB_FDR_159
Compiling module xil_defaultlib.microblaze_v9_5_3_MB_MUXF7_160
Compiling module xil_defaultlib.MB_FDR_161
Compiling module xil_defaultlib.microblaze_v9_5_3_MB_MUXF7_162
Compiling module xil_defaultlib.MB_FDR_163
Compiling module xil_defaultlib.microblaze_v9_5_3_MB_MUXF7_164
Compiling module xil_defaultlib.MB_FDS
Compiling module xil_defaultlib.microblaze_v9_5_3_MB_LUT6__param...
Compiling module xil_defaultlib.microblaze_v9_5_3_MB_LUT6__param...
Compiling module xil_defaultlib.MB_FDR_165
Compiling module xil_defaultlib.PreFetch_Buffer_gti
Compiling module xil_defaultlib.microblaze_v9_5_3_MB_MUXCY_71
Compiling module xil_defaultlib.microblaze_v9_5_3_carry_and
Compiling module xil_defaultlib.microblaze_v9_5_3_MB_MUXCY_70
Compiling module xil_defaultlib.microblaze_v9_5_3_carry_and_25
Compiling module xil_defaultlib.microblaze_v9_5_3_MB_MUXCY_69
Compiling module xil_defaultlib.microblaze_v9_5_3_carry_and_26
Compiling module xil_defaultlib.microblaze_v9_5_3_MB_MUXCY_68
Compiling module xil_defaultlib.microblaze_v9_5_3_carry_and_27
Compiling module xil_defaultlib.microblaze_v9_5_3_MB_MUXCY_67
Compiling module xil_defaultlib.microblaze_v9_5_3_carry_and_28
Compiling module xil_defaultlib.microblaze_v9_5_3_MB_MUXCY_66
Compiling module xil_defaultlib.microblaze_v9_5_3_carry_and_29
Compiling module xil_defaultlib.microblaze_v9_5_3_MB_MUXCY_65
Compiling module xil_defaultlib.microblaze_v9_5_3_carry_and_30
Compiling module xil_defaultlib.microblaze_v9_5_3_MB_MUXCY_64
Compiling module xil_defaultlib.microblaze_v9_5_3_carry_and_31
Compiling module xil_defaultlib.microblaze_v9_5_3_MB_MUXCY_63
Compiling module xil_defaultlib.microblaze_v9_5_3_carry_and_32
Compiling module xil_defaultlib.microblaze_v9_5_3_MB_MUXCY_62
Compiling module xil_defaultlib.microblaze_v9_5_3_carry_and_33
Compiling module xil_defaultlib.microblaze_v9_5_3_MB_FDRE
Compiling module xil_defaultlib.microblaze_v9_5_3_MB_FDRE_34
Compiling module xil_defaultlib.microblaze_v9_5_3_MB_FDRE_35
Compiling module xil_defaultlib.microblaze_v9_5_3_MB_FDRE_36
Compiling module xil_defaultlib.microblaze_v9_5_3_MB_FDRE_37
Compiling module xil_defaultlib.microblaze_v9_5_3_MB_FDRE_38
Compiling module xil_defaultlib.microblaze_v9_5_3_MB_FDRE_39
Compiling module xil_defaultlib.microblaze_v9_5_3_MB_FDRE_40
Compiling module xil_defaultlib.microblaze_v9_5_3_MB_FDRE_41
Compiling module xil_defaultlib.microblaze_v9_5_3_MB_FDRE_42
Compiling module xil_defaultlib.microblaze_v9_5_3_MB_FDRE_43
Compiling module xil_defaultlib.microblaze_v9_5_3_MB_FDRE_44
Compiling module xil_defaultlib.microblaze_v9_5_3_MB_FDRE_45
Compiling module xil_defaultlib.MB_FDR
Compiling module xil_defaultlib.microblaze_v9_5_3_MB_LUT6__param...
Compiling module xil_defaultlib.microblaze_v9_5_3_MB_LUT6__param...
Compiling module xil_defaultlib.microblaze_v9_5_3_MB_LUT6__param...
Compiling module xil_defaultlib.microblaze_v9_5_3_MB_LUT6__param...
Compiling module xil_defaultlib.microblaze_v9_5_3_MB_LUT6__param...
Compiling module xil_defaultlib.microblaze_v9_5_3_MB_LUT6__param...
Compiling module xil_defaultlib.microblaze_v9_5_3_MB_LUT6__param...
Compiling module xil_defaultlib.microblaze_v9_5_3_MB_LUT6__param...
Compiling module xil_defaultlib.microblaze_v9_5_3_MB_LUT6__param...
Compiling module xil_defaultlib.microblaze_v9_5_3_MB_LUT6__param...
Compiling module xil_defaultlib.microblaze_v9_5_3_MB_LUT6__param...
Compiling module xil_defaultlib.microblaze_v9_5_3_MB_LUT6__param...
Compiling module xil_defaultlib.microblaze_v9_5_3_MB_MUXCY_61
Compiling module xil_defaultlib.microblaze_v9_5_3_carry_and_46
Compiling module xil_defaultlib.microblaze_v9_5_3_MB_MUXCY_60
Compiling module xil_defaultlib.microblaze_v9_5_3_carry_and_47
Compiling module xil_defaultlib.microblaze_v9_5_3_MB_MUXCY_59
Compiling module xil_defaultlib.microblaze_v9_5_3_carry_and_48
Compiling module xil_defaultlib.microblaze_v9_5_3_MB_MUXCY_53
Compiling module xil_defaultlib.microblaze_v9_5_3_MB_MUXCY_54
Compiling module xil_defaultlib.microblaze_v9_5_3_MB_MUXCY_55
Compiling module xil_defaultlib.microblaze_v9_5_3_MB_MUXCY_56
Compiling module xil_defaultlib.microblaze_v9_5_3_MB_MUXCY_57
Compiling module xil_defaultlib.microblaze_v9_5_3_MB_MUXCY_58
Compiling module xil_defaultlib.jump_logic
Compiling module xil_defaultlib.microblaze_v9_5_3_MB_MUXCY_52
Compiling module xil_defaultlib.microblaze_v9_5_3_carry_and_49
Compiling module xil_defaultlib.microblaze_v9_5_3_MB_MUXCY_51
Compiling module xil_defaultlib.microblaze_v9_5_3_carry_or_50
Compiling module xil_defaultlib.Decode_gti
Compiling module xil_defaultlib.DAXI_interface
Compiling module unisims_ver.AND2B1L
Compiling module xil_defaultlib.MB_AND2B1L
Compiling module xil_defaultlib.MB_SRL16E
Compiling module xil_defaultlib.MB_SRL16E__parameterized1
Compiling module xil_defaultlib.MB_SRL16E__parameterized19
Compiling module xil_defaultlib.MB_SRL16E__parameterized21
Compiling module xil_defaultlib.MB_SRL16E__parameterized23
Compiling module xil_defaultlib.MB_SRL16E__parameterized25
Compiling module xil_defaultlib.MB_SRL16E__parameterized3
Compiling module xil_defaultlib.MB_SRL16E__parameterized5
Compiling module xil_defaultlib.MB_SRL16E__parameterized7
Compiling module xil_defaultlib.MB_SRL16E__parameterized9
Compiling module xil_defaultlib.MB_SRL16E__parameterized11
Compiling module xil_defaultlib.MB_SRL16E__parameterized13
Compiling module xil_defaultlib.MB_SRL16E__parameterized15
Compiling module xil_defaultlib.MB_SRL16E__parameterized17
Compiling module xil_defaultlib.microblaze_v9_5_3_MB_MUXCY_9
Compiling module xil_defaultlib.MB_SRLC16E
Compiling module xil_defaultlib.microblaze_v9_5_3_MB_MUXCY_10
Compiling module unisims_ver.SRLC16E
Compiling module xil_defaultlib.MB_SRLC16E_11
Compiling module xil_defaultlib.microblaze_v9_5_3_MB_MUXCY_12
Compiling module xil_defaultlib.MB_SRLC16E_13
Compiling module xil_defaultlib.microblaze_v9_5_3_MB_MUXCY_14
Compiling module xil_defaultlib.MB_SRLC16E_15
Compiling module xil_defaultlib.microblaze_v9_5_3_MB_MUXCY_16
Compiling module xil_defaultlib.MB_SRLC16E_17
Compiling module xil_defaultlib.microblaze_v9_5_3_MB_MUXCY_18
Compiling module xil_defaultlib.MB_SRLC16E_19
Compiling module xil_defaultlib.microblaze_v9_5_3_MB_MUXCY_20
Compiling module xil_defaultlib.MB_SRLC16E_21
Compiling module xil_defaultlib.microblaze_v9_5_3_MB_MUXCY_22
Compiling module xil_defaultlib.MB_SRLC16E_23
Compiling module xil_defaultlib.microblaze_v9_5_3_MB_MUXCY_24
Compiling module xil_defaultlib.address_hit
Compiling module xil_defaultlib.mb_sync_bit__parameterized35
Compiling module xil_defaultlib.mb_sync_bit__parameterized1
Compiling module xil_defaultlib.mb_sync_bit__parameterized21
Compiling module xil_defaultlib.mb_sync_bit__parameterized23
Compiling module xil_defaultlib.mb_sync_bit__parameterized25
Compiling module xil_defaultlib.mb_sync_bit__parameterized27
Compiling module xil_defaultlib.mb_sync_bit__parameterized29
Compiling module xil_defaultlib.mb_sync_bit__parameterized31
Compiling module xil_defaultlib.mb_sync_bit__parameterized3
Compiling module xil_defaultlib.mb_sync_bit__parameterized5
Compiling module xil_defaultlib.mb_sync_bit__parameterized7
Compiling module xil_defaultlib.mb_sync_bit__parameterized9
Compiling module xil_defaultlib.mb_sync_bit__parameterized11
Compiling module xil_defaultlib.mb_sync_bit__parameterized13
Compiling module xil_defaultlib.mb_sync_bit__parameterized15
Compiling module xil_defaultlib.mb_sync_bit__parameterized17
Compiling module xil_defaultlib.mb_sync_bit__parameterized19
Compiling module xil_defaultlib.mb_sync_vec
Compiling module xil_defaultlib.mb_sync_bit__parameterized37
Compiling module xil_defaultlib.mb_sync_bit_0
Compiling module xil_defaultlib.mb_sync_bit_1
Compiling module xil_defaultlib.mb_sync_bit_2
Compiling module xil_defaultlib.mb_sync_bit_3
Compiling module xil_defaultlib.mb_sync_bit_4
Compiling module xil_defaultlib.mb_sync_bit_5
Compiling module xil_defaultlib.mb_sync_bit_6
Compiling module xil_defaultlib.mb_sync_bit_7
Compiling module xil_defaultlib.mb_sync_bit_8
Compiling module xil_defaultlib.mb_sync_vec__parameterized1
Compiling module xil_defaultlib.mb_sync_bit__parameterized41
Compiling module xil_defaultlib.mb_sync_bit__parameterized39
Compiling module xil_defaultlib.mb_sync_bit__parameterized33
Compiling module xil_defaultlib.mb_sync_bit__parameterized52
Compiling module xil_defaultlib.mb_sync_bit__parameterized54
Compiling module xil_defaultlib.Debug
Compiling module unisims_ver.LUT6_2(INIT=64'b1111111100000000...
Compiling module xil_defaultlib.MB_LUT6_2__parameterized3
Compiling module xil_defaultlib.MB_LUT6_2__parameterized23
Compiling module xil_defaultlib.MB_LUT6_2__parameterized25
Compiling module xil_defaultlib.MB_LUT6_2__parameterized27
Compiling module xil_defaultlib.MB_LUT6_2__parameterized29
Compiling module xil_defaultlib.MB_LUT6_2__parameterized31
Compiling module xil_defaultlib.MB_LUT6_2__parameterized33
Compiling module xil_defaultlib.MB_LUT6_2__parameterized5
Compiling module xil_defaultlib.MB_LUT6_2__parameterized7
Compiling module xil_defaultlib.MB_LUT6_2__parameterized9
Compiling module xil_defaultlib.MB_LUT6_2__parameterized11
Compiling module xil_defaultlib.MB_LUT6_2__parameterized13
Compiling module xil_defaultlib.MB_LUT6_2__parameterized15
Compiling module xil_defaultlib.MB_LUT6_2__parameterized17
Compiling module xil_defaultlib.MB_LUT6_2__parameterized19
Compiling module xil_defaultlib.MB_LUT6_2__parameterized21
Compiling module xil_defaultlib.mux_bus
Compiling module xil_defaultlib.instr_mux
Compiling module xil_defaultlib.microblaze_v9_5_3_MB_MUXCY
Compiling module xil_defaultlib.microblaze_v9_5_3_carry_or
Compiling module xil_defaultlib.MicroBlaze_GTi
Compiling module xil_defaultlib.mb_sync_bit
Compiling module xil_defaultlib.MicroBlaze_Core
Compiling module xil_defaultlib.MicroBlaze
Compiling module xil_defaultlib.design_1_microblaze_0_0
Compiling module xil_defaultlib.axi_crossbar_v2_1_8_addr_arbiter...
Compiling module xil_defaultlib.axi_crossbar_v2_1_8_decerr_slave
Compiling module xil_defaultlib.axi_register_slice_v2_1_7_axic_r...
Compiling module xil_defaultlib.axi_crossbar_v2_1_8_splitter__pa...
Compiling module xil_defaultlib.axi_crossbar_v2_1_8_splitter
Compiling module xil_defaultlib.axi_crossbar_v2_1_8_crossbar_sas...
Compiling module xil_defaultlib.axi_crossbar_v2_1_8_axi_crossbar
Compiling module xil_defaultlib.design_1_xbar_1
Compiling module xil_defaultlib.design_1_microblaze_0_axi_periph...
Compiling module xil_defaultlib.lmb_bram_if_cntlr
Compiling module xil_defaultlib.design_1_dlmb_bram_if_cntlr_0
Compiling module xil_defaultlib.lmb_v10__1
Compiling module xil_defaultlib.design_1_dlmb_v10_0
Compiling module xil_defaultlib.lmb_bram_if_cntlr__parameterized...
Compiling module xil_defaultlib.design_1_ilmb_bram_if_cntlr_0
Compiling module xil_defaultlib.lmb_v10
Compiling module xil_defaultlib.design_1_ilmb_v10_0
Compiling module unisims_ver.RB36_INTERNAL_VLOG(DOA_REG=0,DOB...
Compiling module unisims_ver.RAMB36E1(READ_WIDTH_A=1,READ_WID...
Compiling module xil_defaultlib.blk_mem_gen_prim_wrapper
Compiling module xil_defaultlib.blk_mem_gen_prim_width
Compiling module xil_defaultlib.blk_mem_gen_prim_wrapper__parame...
Compiling module xil_defaultlib.blk_mem_gen_prim_width__paramete...
Compiling module xil_defaultlib.blk_mem_gen_prim_wrapper__parame...
Compiling module xil_defaultlib.blk_mem_gen_prim_width__paramete...
Compiling module xil_defaultlib.blk_mem_gen_prim_wrapper__parame...
Compiling module xil_defaultlib.blk_mem_gen_prim_width__paramete...
Compiling module xil_defaultlib.blk_mem_gen_prim_wrapper__parame...
Compiling module xil_defaultlib.blk_mem_gen_prim_width__paramete...
Compiling module xil_defaultlib.blk_mem_gen_prim_wrapper__parame...
Compiling module xil_defaultlib.blk_mem_gen_prim_width__paramete...
Compiling module xil_defaultlib.blk_mem_gen_prim_wrapper__parame...
Compiling module xil_defaultlib.blk_mem_gen_prim_width__paramete...
Compiling module xil_defaultlib.blk_mem_gen_prim_wrapper__parame...
Compiling module xil_defaultlib.blk_mem_gen_prim_width__paramete...
Compiling module xil_defaultlib.blk_mem_gen_prim_wrapper__parame...
Compiling module xil_defaultlib.blk_mem_gen_prim_width__paramete...
Compiling module xil_defaultlib.blk_mem_gen_prim_wrapper__parame...
Compiling module xil_defaultlib.blk_mem_gen_prim_width__paramete...
Compiling module xil_defaultlib.blk_mem_gen_prim_wrapper__parame...
Compiling module xil_defaultlib.blk_mem_gen_prim_width__paramete...
Compiling module xil_defaultlib.blk_mem_gen_prim_wrapper__parame...
Compiling module xil_defaultlib.blk_mem_gen_prim_width__paramete...
Compiling module xil_defaultlib.blk_mem_gen_prim_wrapper__parame...
Compiling module xil_defaultlib.blk_mem_gen_prim_width__paramete...
Compiling module xil_defaultlib.blk_mem_gen_prim_wrapper__parame...
Compiling module xil_defaultlib.blk_mem_gen_prim_width__paramete...
Compiling module xil_defaultlib.blk_mem_gen_prim_wrapper__parame...
Compiling module xil_defaultlib.blk_mem_gen_prim_width__paramete...
Compiling module xil_defaultlib.blk_mem_gen_prim_wrapper__parame...
Compiling module xil_defaultlib.blk_mem_gen_prim_width__paramete...
Compiling module xil_defaultlib.blk_mem_gen_prim_wrapper__parame...
Compiling module xil_defaultlib.blk_mem_gen_prim_width__paramete...
Compiling module xil_defaultlib.blk_mem_gen_prim_wrapper__parame...
Compiling module xil_defaultlib.blk_mem_gen_prim_width__paramete...
Compiling module xil_defaultlib.blk_mem_gen_prim_wrapper__parame...
Compiling module xil_defaultlib.blk_mem_gen_prim_width__paramete...
Compiling module unisims_ver.RB36_INTERNAL_VLOG(DOA_REG=0,DOB...
Compiling module unisims_ver.RAMB36E1(INIT_00=256'b01,READ_WI...
Compiling module xil_defaultlib.blk_mem_gen_prim_wrapper__parame...
Compiling module xil_defaultlib.blk_mem_gen_prim_width__paramete...
Compiling module xil_defaultlib.blk_mem_gen_prim_wrapper__parame...
Compiling module xil_defaultlib.blk_mem_gen_prim_width__paramete...
Compiling module xil_defaultlib.blk_mem_gen_prim_wrapper__parame...
Compiling module xil_defaultlib.blk_mem_gen_prim_width__paramete...
Compiling module xil_defaultlib.blk_mem_gen_prim_wrapper__parame...
Compiling module xil_defaultlib.blk_mem_gen_prim_width__paramete...
Compiling module xil_defaultlib.blk_mem_gen_prim_wrapper__parame...
Compiling module xil_defaultlib.blk_mem_gen_prim_width__paramete...
Compiling module xil_defaultlib.blk_mem_gen_prim_wrapper__parame...
Compiling module xil_defaultlib.blk_mem_gen_prim_width__paramete...
Compiling module xil_defaultlib.blk_mem_gen_prim_wrapper__parame...
Compiling module xil_defaultlib.blk_mem_gen_prim_width__paramete...
Compiling module xil_defaultlib.blk_mem_gen_prim_wrapper__parame...
Compiling module xil_defaultlib.blk_mem_gen_prim_width__paramete...
Compiling module xil_defaultlib.blk_mem_gen_prim_wrapper__parame...
Compiling module xil_defaultlib.blk_mem_gen_prim_width__paramete...
Compiling module xil_defaultlib.blk_mem_gen_prim_wrapper__parame...
Compiling module xil_defaultlib.blk_mem_gen_prim_width__paramete...
Compiling module xil_defaultlib.blk_mem_gen_prim_wrapper__parame...
Compiling module xil_defaultlib.blk_mem_gen_prim_width__paramete...
Compiling module xil_defaultlib.blk_mem_gen_prim_wrapper__parame...
Compiling module xil_defaultlib.blk_mem_gen_prim_width__paramete...
Compiling module xil_defaultlib.blk_mem_gen_prim_wrapper__parame...
Compiling module xil_defaultlib.blk_mem_gen_prim_width__paramete...
Compiling module xil_defaultlib.blk_mem_gen_generic_cstr
Compiling module xil_defaultlib.blk_mem_gen_top
Compiling module xil_defaultlib.blk_mem_gen_v8_3_1_synth
Compiling module xil_defaultlib.blk_mem_gen_v8_3_1
Compiling module xil_defaultlib.design_1_lmb_bram_0
Compiling module xil_defaultlib.microblaze_0_local_memory_imp_1K...
Compiling module unisims_ver.FDRE(INIT=1'b1)
Compiling module xil_defaultlib.cdc_sync__parameterized2
Compiling module xil_defaultlib.cdc_sync__parameterized1
Compiling module xil_defaultlib.lpf
Compiling module unisims_ver.FDSE(INIT=1'b0)
Compiling module xil_defaultlib.upcnt_n
Compiling module xil_defaultlib.sequence_psr
Compiling module xil_defaultlib.proc_sys_reset
Compiling module xil_defaultlib.design_1_rst_clk_wiz_1_100M_0
Compiling module xil_defaultlib.design_1
Compiling module unisims_ver.OBUF
Compiling module xil_defaultlib.design_1_wrapper
Compiling module xil_defaultlib.tb
Compiling module xil_defaultlib.glbl
Waiting for 1 sub-compilation(s) to finish...
Built simulation snapshot tb_func_synth
