#-----------------------------------------------------------
# Webtalk v2015.4 (64-bit)
# SW Build 1412921 on Wed Nov 18 09:43:45 MST 2015
# 
# Start of session at: Thu Dec 10 18:45:08 2015
# Process ID: 4380
# Current directory: C:/workspace/Arty_DigiLED/Arty_DigiLED.sdk/webtalk
# Command line: wbtcv.exe -mode batch -source sdk_webtalk.tcl
# Log file: C:/workspace/Arty_DigiLED/Arty_DigiLED.sdk/webtalk/webtalk.log
# Journal file: C:/workspace/Arty_DigiLED/Arty_DigiLED.sdk/webtalk\webtalk.jou
#-----------------------------------------------------------
source sdk_webtalk.tcl
# webtalk_init -webtalk_dir C:\\workspace\\Arty_DigiLED\\Arty_DigiLED.sdk\\webtalk
# webtalk_register_client -client project
# webtalk_add_data -client project -key date_generated -value "Thu Dec 10 18:45:08 2015" -context "software_version_and_target_device"
# webtalk_add_data -client project -key product_version -value "SDK v2015.4" -context "software_version_and_target_device"
# webtalk_add_data -client project -key build_version -value "2015.4" -context "software_version_and_target_device"
# webtalk_add_data -client project -key os_platform -value "amd64" -context "software_version_and_target_device"
# webtalk_add_data -client project -key registration_id -value "" -context "software_version_and_target_device"
# webtalk_add_data -client project -key tool_flow -value "SDK" -context "software_version_and_target_device"
# webtalk_add_data -client project -key beta -value "false" -context "software_version_and_target_device"
# webtalk_add_data -client project -key route_design -value "NA" -context "software_version_and_target_device"
# webtalk_add_data -client project -key target_family -value "NA" -context "software_version_and_target_device"
# webtalk_add_data -client project -key target_device -value "NA" -context "software_version_and_target_device"
# webtalk_add_data -client project -key target_package -value "NA" -context "software_version_and_target_device"
# webtalk_add_data -client project -key target_speed -value "NA" -context "software_version_and_target_device"
# webtalk_add_data -client project -key random_id -value "gbt4cq4j5vlud594vm1778grkk" -context "software_version_and_target_device"
# webtalk_add_data -client project -key project_id -value "2015.4_3" -context "software_version_and_target_device"
# webtalk_add_data -client project -key project_iteration -value "3" -context "software_version_and_target_device"
# webtalk_add_data -client project -key os_name -value "" -context "user_environment"
# webtalk_add_data -client project -key os_release -value "" -context "user_environment"
# webtalk_add_data -client project -key cpu_name -value "" -context "user_environment"
# webtalk_add_data -client project -key cpu_speed -value "" -context "user_environment"
# webtalk_add_data -client project -key total_processors -value "" -context "user_environment"
# webtalk_add_data -client project -key system_ram -value "" -context "user_environment"
# webtalk_register_client -client sdk
# webtalk_add_data -client sdk -key uid -value "1449797577496" -context "sdk\\\\application/1449797577496"
# webtalk_add_data -client sdk -key hwid -value "1449612122678" -context "sdk\\\\application/1449797577496"
# webtalk_add_data -client sdk -key bspid -value "1449612289526" -context "sdk\\\\application/1449797577496"
# webtalk_add_data -client sdk -key newbsp -value "false" -context "sdk\\\\application/1449797577496"
# webtalk_add_data -client sdk -key os -value "standalone" -context "sdk\\\\application/1449797577496"
# webtalk_add_data -client sdk -key apptemplate -value "empty_application" -context "sdk\\\\application/1449797577496"
# webtalk_add_data -client sdk -key uid -value "1449798544532" -context "sdk\\\\application/1449798544532"
# webtalk_add_data -client sdk -key hwid -value "1449612122678" -context "sdk\\\\application/1449798544532"
# webtalk_add_data -client sdk -key bspid -value "1449612289526" -context "sdk\\\\application/1449798544532"
# webtalk_add_data -client sdk -key newbsp -value "false" -context "sdk\\\\application/1449798544532"
# webtalk_add_data -client sdk -key os -value "standalone" -context "sdk\\\\application/1449798544532"
# webtalk_add_data -client sdk -key apptemplate -value "empty_application" -context "sdk\\\\application/1449798544532"
# webtalk_transmit -clientid 4056942406 -regid "" -xml C:\\workspace\\Arty_DigiLED\\Arty_DigiLED.sdk\\webtalk\\usage_statistics_ext_sdk.xml -html C:\\workspace\\Arty_DigiLED\\Arty_DigiLED.sdk\\webtalk\\usage_statistics_ext_sdk.html -wdm C:\\workspace\\Arty_DigiLED\\Arty_DigiLED.sdk\\webtalk\\sdk_webtalk.wdm -intro "<H3>SDK Usage Report</H3><BR>"
# webtalk_terminate
INFO: [Common 17-206] Exiting Webtalk at Thu Dec 10 18:45:12 2015...
